R(1031)
5937246992*2381#-1
2968623496*2381#-1
1484311748*2381#-1
742155874*2381#-1
2377#-1
76912895956636885*(2^3279-2^1093)-6*2^1093+1
76912895956636885*(2^3279-2^1093)-6*2^1093-1
76912895956636885*(2^3279-2^1093)-6*2^1093-5
76912895956636885*(2^3279-2^1093)-6*2^1093-7
2^3332+445242793
2^3332+445242397
2^3332+445242001
2^3332+445241605
V(4793)
(2^14479+1)/3
(2^14479+1)/3
(2^42737+1)/3
(2^95369+1)/3
(2^42737+1)/3
(2^42737+1)/3
(2^42737+1)/3
(2^42737+1)/3
(2^42737+1)/3
(2^95369+1)/3
(2^95369+1)/3
