-----------------------------------------------------------------------
Error occuring in PFGW at Wed May 13 13:44:27 2009
Expr = 
Failed at bit 7792 of 9999
Msg = Detected in gw_test_mismatched_sums() in gwprp.cpp (PRP Testing)
Iteration: 7792/9999 ERROR: SUM(INPUTS) != SUM(OUTPUTS),
   2.06250237929942e+016 != 2.062502379299417e+016
  (Diff=32 max allowed=26)
  (Test aborted, try again using the -a1 switch)

-----------------------------------------------------------------------
Error occuring in PFGW at Wed May 13 13:44:28 2009
Expr = 
Failed at bit 7792 of 9999
Msg = Detected in gw_test_mismatched_sums() in gwprp.cpp (PRP Testing)
Iteration: 7792/9999 ERROR: SUM(INPUTS) != SUM(OUTPUTS),
   2.06250237929942e+016 != 2.062502379299417e+016
  (Diff=32 max allowed=26)
  (Test aborted, try again using the -a1 switch)

-----------------------------------------------------------------------
Error occuring in PFGW at Wed May 13 13:44:29 2009
Expr = 
Failed at bit 7792 of 9999
Msg = Detected in gw_test_mismatched_sums() in gwprp.cpp (PRP Testing)
Iteration: 7792/9999 ERROR: SUM(INPUTS) != SUM(OUTPUTS),
   2.06250237929942e+016 != 2.062502379299417e+016
  (Diff=32 max allowed=26)
  (Test aborted, try again using the -a1 switch)

-----------------------------------------------------------------------
Error occuring in PFGW at Wed May 13 13:44:29 2009
Expr = 
Failed at bit 7792 of 9999
Msg = Detected in gw_test_mismatched_sums() in gwprp.cpp (PRP Testing)
Iteration: 7792/9999 ERROR: SUM(INPUTS) != SUM(OUTPUTS),
   2.06250237929942e+016 != 2.062502379299417e+016
  (Diff=32 max allowed=26)
  (Test aborted, try again using the -a1 switch)

-----------------------------------------------------------------------
Error occuring in PFGW at Wed May 13 13:44:30 2009
Expr = 
Failed at bit 7792 of 9999
Msg = Detected in gw_test_mismatched_sums() in gwprp.cpp (PRP Testing)
Iteration: 7792/9999 ERROR: SUM(INPUTS) != SUM(OUTPUTS),
   2.06250237929942e+016 != 2.062502379299417e+016
  (Diff=32 max allowed=26)
  (Test aborted, try again using the -a1 switch)

-----------------------------------------------------------------------
Error occuring in PFGW at Wed May 13 13:44:31 2009
Expr = 
Failed at bit 7792 of 9999
Msg = Detected in gw_test_mismatched_sums() in gwprp.cpp (PRP Testing)
Iteration: 7792/9999 ERROR: SUM(INPUTS) != SUM(OUTPUTS),
   2.06250237929942e+016 != 2.062502379299417e+016
  (Diff=32 max allowed=26)
  (Test aborted, try again using the -a1 switch)

-----------------------------------------------------------------------
Error occuring in PFGW at Wed May 13 13:44:32 2009
Expr = 
Failed at bit 7792 of 9999
Msg = Detected in gw_test_mismatched_sums() in gwprp.cpp (PRP Testing)
Iteration: 7792/9999 ERROR: SUM(INPUTS) != SUM(OUTPUTS),
   2.06250237929942e+016 != 2.062502379299417e+016
  (Diff=32 max allowed=26)
  (Test aborted, try again using the -a1 switch)

-----------------------------------------------------------------------
Error occuring in PFGW at Wed May 13 13:44:33 2009
Expr = 
Failed at bit 7792 of 9999
Msg = Detected in gw_test_mismatched_sums() in gwprp.cpp (PRP Testing)
Iteration: 7792/9999 ERROR: SUM(INPUTS) != SUM(OUTPUTS),
   2.06250237929942e+016 != 2.062502379299417e+016
  (Diff=32 max allowed=26)
  (Test aborted, try again using the -a1 switch)

-----------------------------------------------------------------------
Error occuring in PFGW at Wed May 13 13:44:34 2009
Expr = 
Failed at bit 7792 of 9999
Msg = Detected in gw_test_mismatched_sums() in gwprp.cpp (PRP Testing)
Iteration: 7792/9999 ERROR: SUM(INPUTS) != SUM(OUTPUTS),
   2.06250237929942e+016 != 2.062502379299417e+016
  (Diff=32 max allowed=26)
  (Test aborted, try again using the -a1 switch)

-----------------------------------------------------------------------
Error occuring in PFGW at Wed May 13 13:44:35 2009
Expr = 
Failed at bit 7792 of 9999
Msg = Detected in gw_test_mismatched_sums() in gwprp.cpp (PRP Testing)
Iteration: 7792/9999 ERROR: SUM(INPUTS) != SUM(OUTPUTS),
   2.06250237929942e+016 != 2.062502379299417e+016
  (Diff=32 max allowed=26)
  (Test aborted, try again using the -a1 switch)

-----------------------------------------------------------------------
Error occuring in PFGW at Wed May 13 13:44:36 2009
Expr = 
Failed at bit 7792 of 9999
Msg = Detected in gw_test_mismatched_sums() in gwprp.cpp (PRP Testing)
Iteration: 7792/9999 ERROR: SUM(INPUTS) != SUM(OUTPUTS),
   2.06250237929942e+016 != 2.062502379299417e+016
  (Diff=32 max allowed=26)
  (Test aborted, try again using the -a1 switch)

-----------------------------------------------------------------------
Error occuring in PFGW at Wed May 13 13:44:37 2009
Expr = 
Failed at bit 7792 of 9999
Msg = Detected in gw_test_mismatched_sums() in gwprp.cpp (PRP Testing)
Iteration: 7792/9999 ERROR: SUM(INPUTS) != SUM(OUTPUTS),
   2.06250237929942e+016 != 2.062502379299417e+016
  (Diff=32 max allowed=26)
  (Test aborted, try again using the -a1 switch)

-----------------------------------------------------------------------
Error occuring in PFGW at Wed May 13 13:44:38 2009
Expr = 
Failed at bit 7792 of 9999
Msg = Detected in gw_test_mismatched_sums() in gwprp.cpp (PRP Testing)
Iteration: 7792/9999 ERROR: SUM(INPUTS) != SUM(OUTPUTS),
   2.06250237929942e+016 != 2.062502379299417e+016
  (Diff=32 max allowed=26)
  (Test aborted, try again using the -a1 switch)

-----------------------------------------------------------------------
Error occuring in PFGW at Wed May 13 13:44:39 2009
Expr = 
Failed at bit 7792 of 9999
Msg = Detected in gw_test_mismatched_sums() in gwprp.cpp (PRP Testing)
Iteration: 7792/9999 ERROR: SUM(INPUTS) != SUM(OUTPUTS),
   2.06250237929942e+016 != 2.062502379299417e+016
  (Diff=32 max allowed=26)
  (Test aborted, try again using the -a1 switch)

-----------------------------------------------------------------------
Error occuring in PFGW at Wed May 13 13:44:40 2009
Expr = 
Failed at bit 7792 of 9999
Msg = Detected in gw_test_mismatched_sums() in gwprp.cpp (PRP Testing)
Iteration: 7792/9999 ERROR: SUM(INPUTS) != SUM(OUTPUTS),
   2.06250237929942e+016 != 2.062502379299417e+016
  (Diff=32 max allowed=26)
  (Test aborted, try again using the -a1 switch)

-----------------------------------------------------------------------
Error occuring in PFGW at Wed May 13 13:44:41 2009
Expr = 
Failed at bit 7792 of 9999
Msg = Detected in gw_test_mismatched_sums() in gwprp.cpp (PRP Testing)
Iteration: 7792/9999 ERROR: SUM(INPUTS) != SUM(OUTPUTS),
   2.06250237929942e+016 != 2.062502379299417e+016
  (Diff=32 max allowed=26)
  (Test aborted, try again using the -a1 switch)

-----------------------------------------------------------------------
Error occuring in PFGW at Wed May 13 13:44:42 2009
Expr = 
Failed at bit 7792 of 9999
Msg = Detected in gw_test_mismatched_sums() in gwprp.cpp (PRP Testing)
Iteration: 7792/9999 ERROR: SUM(INPUTS) != SUM(OUTPUTS),
   2.06250237929942e+016 != 2.062502379299417e+016
  (Diff=32 max allowed=26)
  (Test aborted, try again using the -a1 switch)

-----------------------------------------------------------------------
Error occuring in PFGW at Wed May 13 13:44:43 2009
Expr = 
Failed at bit 7792 of 9999
Msg = Detected in gw_test_mismatched_sums() in gwprp.cpp (PRP Testing)
Iteration: 7792/9999 ERROR: SUM(INPUTS) != SUM(OUTPUTS),
   2.06250237929942e+016 != 2.062502379299417e+016
  (Diff=32 max allowed=26)
  (Test aborted, try again using the -a1 switch)

-----------------------------------------------------------------------
Error occuring in PFGW at Wed May 13 13:44:44 2009
Expr = 
Failed at bit 7792 of 9999
Msg = Detected in gw_test_mismatched_sums() in gwprp.cpp (PRP Testing)
Iteration: 7792/9999 ERROR: SUM(INPUTS) != SUM(OUTPUTS),
   2.06250237929942e+016 != 2.062502379299417e+016
  (Diff=32 max allowed=26)
  (Test aborted, try again using the -a1 switch)

-----------------------------------------------------------------------
Error occuring in PFGW at Wed May 13 13:44:45 2009
Expr = 
Failed at bit 7792 of 9999
Msg = Detected in gw_test_mismatched_sums() in gwprp.cpp (PRP Testing)
Iteration: 7792/9999 ERROR: SUM(INPUTS) != SUM(OUTPUTS),
   2.06250237929942e+016 != 2.062502379299417e+016
  (Diff=32 max allowed=26)
  (Test aborted, try again using the -a1 switch)

-----------------------------------------------------------------------
Error occuring in PFGW at Wed May 13 13:44:46 2009
Expr = 
Failed at bit 7792 of 9999
Msg = Detected in gw_test_mismatched_sums() in gwprp.cpp (PRP Testing)
Iteration: 7792/9999 ERROR: SUM(INPUTS) != SUM(OUTPUTS),
   2.06250237929942e+016 != 2.062502379299417e+016
  (Diff=32 max allowed=26)
  (Test aborted, try again using the -a1 switch)

-----------------------------------------------------------------------
Error occuring in PFGW at Wed May 13 13:44:48 2009
Expr = 
Failed at bit 7792 of 9999
Msg = Detected in gw_test_mismatched_sums() in gwprp.cpp (PRP Testing)
Iteration: 7792/9999 ERROR: SUM(INPUTS) != SUM(OUTPUTS),
   2.06250237929942e+016 != 2.062502379299417e+016
  (Diff=32 max allowed=26)
  (Test aborted, try again using the -a1 switch)

-----------------------------------------------------------------------
Error occuring in PFGW at Wed May 13 13:44:49 2009
Expr = 
Failed at bit 7792 of 9999
Msg = Detected in gw_test_mismatched_sums() in gwprp.cpp (PRP Testing)
Iteration: 7792/9999 ERROR: SUM(INPUTS) != SUM(OUTPUTS),
   2.06250237929942e+016 != 2.062502379299417e+016
  (Diff=32 max allowed=26)
  (Test aborted, try again using the -a1 switch)

-----------------------------------------------------------------------
Error occuring in PFGW at Wed May 13 13:44:50 2009
Expr = 
Failed at bit 7792 of 9999
Msg = Detected in gw_test_mismatched_sums() in gwprp.cpp (PRP Testing)
Iteration: 7792/9999 ERROR: SUM(INPUTS) != SUM(OUTPUTS),
   2.06250237929942e+016 != 2.062502379299417e+016
  (Diff=32 max allowed=26)
  (Test aborted, try again using the -a1 switch)

-----------------------------------------------------------------------
Error occuring in PFGW at Wed May 13 13:44:51 2009
Expr = 
Failed at bit 7792 of 9999
Msg = Detected in gw_test_mismatched_sums() in gwprp.cpp (PRP Testing)
Iteration: 7792/9999 ERROR: SUM(INPUTS) != SUM(OUTPUTS),
   2.06250237929942e+016 != 2.062502379299417e+016
  (Diff=32 max allowed=26)
  (Test aborted, try again using the -a1 switch)

-----------------------------------------------------------------------
Error occuring in PFGW at Wed May 13 13:44:52 2009
Expr = 
Failed at bit 7792 of 9999
Msg = Detected in gw_test_mismatched_sums() in gwprp.cpp (PRP Testing)
Iteration: 7792/9999 ERROR: SUM(INPUTS) != SUM(OUTPUTS),
   2.06250237929942e+016 != 2.062502379299417e+016
  (Diff=32 max allowed=26)
  (Test aborted, try again using the -a1 switch)

-----------------------------------------------------------------------
Error occuring in PFGW at Wed May 13 13:44:53 2009
Expr = 
Failed at bit 7792 of 9999
Msg = Detected in gw_test_mismatched_sums() in gwprp.cpp (PRP Testing)
Iteration: 7792/9999 ERROR: SUM(INPUTS) != SUM(OUTPUTS),
   2.06250237929942e+016 != 2.062502379299417e+016
  (Diff=32 max allowed=26)
  (Test aborted, try again using the -a1 switch)

-----------------------------------------------------------------------
Error occuring in PFGW at Wed May 13 13:44:54 2009
Expr = 
Failed at bit 7792 of 9999
Msg = Detected in gw_test_mismatched_sums() in gwprp.cpp (PRP Testing)
Iteration: 7792/9999 ERROR: SUM(INPUTS) != SUM(OUTPUTS),
   2.06250237929942e+016 != 2.062502379299417e+016
  (Diff=32 max allowed=26)
  (Test aborted, try again using the -a1 switch)

-----------------------------------------------------------------------
Error occuring in PFGW at Wed May 13 13:44:56 2009
Expr = 
Failed at bit 7792 of 9999
Msg = Detected in gw_test_mismatched_sums() in gwprp.cpp (PRP Testing)
Iteration: 7792/9999 ERROR: SUM(INPUTS) != SUM(OUTPUTS),
   2.06250237929942e+016 != 2.062502379299417e+016
  (Diff=32 max allowed=26)
  (Test aborted, try again using the -a1 switch)

-----------------------------------------------------------------------
Error occuring in PFGW at Wed May 13 13:44:57 2009
Expr = 
Failed at bit 7792 of 9999
Msg = Detected in gw_test_mismatched_sums() in gwprp.cpp (PRP Testing)
Iteration: 7792/9999 ERROR: SUM(INPUTS) != SUM(OUTPUTS),
   2.06250237929942e+016 != 2.062502379299417e+016
  (Diff=32 max allowed=26)
  (Test aborted, try again using the -a1 switch)

-----------------------------------------------------------------------
Error occuring in PFGW at Wed May 13 13:44:58 2009
Expr = 
Failed at bit 7792 of 9999
Msg = Detected in gw_test_mismatched_sums() in gwprp.cpp (PRP Testing)
Iteration: 7792/9999 ERROR: SUM(INPUTS) != SUM(OUTPUTS),
   2.06250237929942e+016 != 2.062502379299417e+016
  (Diff=32 max allowed=26)
  (Test aborted, try again using the -a1 switch)

-----------------------------------------------------------------------
Error occuring in PFGW at Wed May 13 13:44:59 2009
Expr = 
Failed at bit 7792 of 9999
Msg = Detected in gw_test_mismatched_sums() in gwprp.cpp (PRP Testing)
Iteration: 7792/9999 ERROR: SUM(INPUTS) != SUM(OUTPUTS),
   2.06250237929942e+016 != 2.062502379299417e+016
  (Diff=32 max allowed=26)
  (Test aborted, try again using the -a1 switch)

-----------------------------------------------------------------------
Error occuring in PFGW at Wed May 13 13:45:01 2009
Expr = 
Failed at bit 7792 of 9999
Msg = Detected in gw_test_mismatched_sums() in gwprp.cpp (PRP Testing)
Iteration: 7792/9999 ERROR: SUM(INPUTS) != SUM(OUTPUTS),
   2.06250237929942e+016 != 2.062502379299417e+016
  (Diff=32 max allowed=26)
  (Test aborted, try again using the -a1 switch)

-----------------------------------------------------------------------
Error occuring in PFGW at Wed May 13 13:45:02 2009
Expr = 
Failed at bit 7792 of 9999
Msg = Detected in gw_test_mismatched_sums() in gwprp.cpp (PRP Testing)
Iteration: 7792/9999 ERROR: SUM(INPUTS) != SUM(OUTPUTS),
   2.06250237929942e+016 != 2.062502379299417e+016
  (Diff=32 max allowed=26)
  (Test aborted, try again using the -a1 switch)

-----------------------------------------------------------------------
Error occuring in PFGW at Wed May 13 13:45:03 2009
Expr = 
Failed at bit 7792 of 9999
Msg = Detected in gw_test_mismatched_sums() in gwprp.cpp (PRP Testing)
Iteration: 7792/9999 ERROR: SUM(INPUTS) != SUM(OUTPUTS),
   2.06250237929942e+016 != 2.062502379299417e+016
  (Diff=32 max allowed=26)
  (Test aborted, try again using the -a1 switch)

-----------------------------------------------------------------------
Error occuring in PFGW at Wed May 13 13:45:05 2009
Expr = 
Failed at bit 7792 of 9999
Msg = Detected in gw_test_mismatched_sums() in gwprp.cpp (PRP Testing)
Iteration: 7792/9999 ERROR: SUM(INPUTS) != SUM(OUTPUTS),
   2.06250237929942e+016 != 2.062502379299417e+016
  (Diff=32 max allowed=26)
  (Test aborted, try again using the -a1 switch)

-----------------------------------------------------------------------
Error occuring in PFGW at Wed May 13 13:45:06 2009
Expr = 
Failed at bit 7792 of 9999
Msg = Detected in gw_test_mismatched_sums() in gwprp.cpp (PRP Testing)
Iteration: 7792/9999 ERROR: SUM(INPUTS) != SUM(OUTPUTS),
   2.06250237929942e+016 != 2.062502379299417e+016
  (Diff=32 max allowed=26)
  (Test aborted, try again using the -a1 switch)

-----------------------------------------------------------------------
Error occuring in PFGW at Wed May 13 13:45:07 2009
Expr = 
Failed at bit 7792 of 9999
Msg = Detected in gw_test_mismatched_sums() in gwprp.cpp (PRP Testing)
Iteration: 7792/9999 ERROR: SUM(INPUTS) != SUM(OUTPUTS),
   2.06250237929942e+016 != 2.062502379299417e+016
  (Diff=32 max allowed=26)
  (Test aborted, try again using the -a1 switch)

-----------------------------------------------------------------------
Error occuring in PFGW at Wed May 13 13:45:10 2009
Expr = 
Failed at bit 7792 of 9999
Msg = Detected in gw_test_mismatched_sums() in gwprp.cpp (PRP Testing)
Iteration: 7792/9999 ERROR: SUM(INPUTS) != SUM(OUTPUTS),
   2.06250237929942e+016 != 2.062502379299417e+016
  (Diff=32 max allowed=26)
  (Test aborted, try again using the -a1 switch)

-----------------------------------------------------------------------
Error occuring in PFGW at Wed May 13 13:45:14 2009
Expr = 
Failed at bit 7792 of 9999
Msg = Detected in gw_test_mismatched_sums() in gwprp.cpp (PRP Testing)
Iteration: 7792/9999 ERROR: SUM(INPUTS) != SUM(OUTPUTS),
   2.06250237929942e+016 != 2.062502379299417e+016
  (Diff=32 max allowed=26)
  (Test aborted, try again using the -a1 switch)

-----------------------------------------------------------------------
Error occuring in PFGW at Wed May 13 13:45:46 2009
Expr = 
Failed at bit 6611 of 14999
Msg = Detected in gw_test_mismatched_sums() in gwprp.cpp (PRP Testing)
Iteration: 6611/14999 ERROR: SUM(INPUTS) != SUM(OUTPUTS),
   1.73374897762976e+016 != 1.733748977629755e+016
  (Diff=52 max allowed=46)
  (Test aborted, try again using the -a1 switch)

-----------------------------------------------------------------------
Error occuring in PFGW at Wed May 13 13:45:47 2009
Expr = 
Failed at bit 6611 of 14999
Msg = Detected in gw_test_mismatched_sums() in gwprp.cpp (PRP Testing)
Iteration: 6611/14999 ERROR: SUM(INPUTS) != SUM(OUTPUTS),
   1.73374897762976e+016 != 1.733748977629755e+016
  (Diff=52 max allowed=46)
  (Test aborted, try again using the -a1 switch)

-----------------------------------------------------------------------
Error occuring in PFGW at Wed May 13 13:45:49 2009
Expr = 
Failed at bit 6611 of 14999
Msg = Detected in gw_test_mismatched_sums() in gwprp.cpp (PRP Testing)
Iteration: 6611/14999 ERROR: SUM(INPUTS) != SUM(OUTPUTS),
   1.73374897762976e+016 != 1.733748977629755e+016
  (Diff=52 max allowed=46)
  (Test aborted, try again using the -a1 switch)

-----------------------------------------------------------------------
Error occuring in PFGW at Wed May 13 13:45:50 2009
Expr = 
Failed at bit 6611 of 14999
Msg = Detected in gw_test_mismatched_sums() in gwprp.cpp (PRP Testing)
Iteration: 6611/14999 ERROR: SUM(INPUTS) != SUM(OUTPUTS),
   1.73374897762976e+016 != 1.733748977629755e+016
  (Diff=52 max allowed=46)
  (Test aborted, try again using the -a1 switch)

-----------------------------------------------------------------------
Error occuring in PFGW at Wed May 13 13:45:52 2009
Expr = 
Failed at bit 6611 of 14999
Msg = Detected in gw_test_mismatched_sums() in gwprp.cpp (PRP Testing)
Iteration: 6611/14999 ERROR: SUM(INPUTS) != SUM(OUTPUTS),
   1.73374897762976e+016 != 1.733748977629755e+016
  (Diff=52 max allowed=46)
  (Test aborted, try again using the -a1 switch)

-----------------------------------------------------------------------
Error occuring in PFGW at Wed May 13 13:45:53 2009
Expr = 
Failed at bit 6611 of 14999
Msg = Detected in gw_test_mismatched_sums() in gwprp.cpp (PRP Testing)
Iteration: 6611/14999 ERROR: SUM(INPUTS) != SUM(OUTPUTS),
   1.73374897762976e+016 != 1.733748977629755e+016
  (Diff=52 max allowed=46)
  (Test aborted, try again using the -a1 switch)

-----------------------------------------------------------------------
Error occuring in PFGW at Wed May 13 13:45:55 2009
Expr = 
Failed at bit 6611 of 14999
Msg = Detected in gw_test_mismatched_sums() in gwprp.cpp (PRP Testing)
Iteration: 6611/14999 ERROR: SUM(INPUTS) != SUM(OUTPUTS),
   1.73374897762976e+016 != 1.733748977629755e+016
  (Diff=52 max allowed=46)
  (Test aborted, try again using the -a1 switch)

-----------------------------------------------------------------------
Error occuring in PFGW at Wed May 13 13:45:57 2009
Expr = 
Failed at bit 6611 of 14999
Msg = Detected in gw_test_mismatched_sums() in gwprp.cpp (PRP Testing)
Iteration: 6611/14999 ERROR: SUM(INPUTS) != SUM(OUTPUTS),
   1.73374897762976e+016 != 1.733748977629755e+016
  (Diff=52 max allowed=46)
  (Test aborted, try again using the -a1 switch)

-----------------------------------------------------------------------
Error occuring in PFGW at Wed May 13 13:45:58 2009
Expr = 
Failed at bit 6611 of 14999
Msg = Detected in gw_test_mismatched_sums() in gwprp.cpp (PRP Testing)
Iteration: 6611/14999 ERROR: SUM(INPUTS) != SUM(OUTPUTS),
   1.73374897762976e+016 != 1.733748977629755e+016
  (Diff=52 max allowed=46)
  (Test aborted, try again using the -a1 switch)

-----------------------------------------------------------------------
Error occuring in PFGW at Wed May 13 13:46:00 2009
Expr = 
Failed at bit 6611 of 14999
Msg = Detected in gw_test_mismatched_sums() in gwprp.cpp (PRP Testing)
Iteration: 6611/14999 ERROR: SUM(INPUTS) != SUM(OUTPUTS),
   1.73374897762976e+016 != 1.733748977629755e+016
  (Diff=52 max allowed=46)
  (Test aborted, try again using the -a1 switch)

-----------------------------------------------------------------------
Error occuring in PFGW at Wed May 13 13:46:01 2009
Expr = 
Failed at bit 6611 of 14999
Msg = Detected in gw_test_mismatched_sums() in gwprp.cpp (PRP Testing)
Iteration: 6611/14999 ERROR: SUM(INPUTS) != SUM(OUTPUTS),
   1.73374897762976e+016 != 1.733748977629755e+016
  (Diff=52 max allowed=46)
  (Test aborted, try again using the -a1 switch)

-----------------------------------------------------------------------
Error occuring in PFGW at Wed May 13 13:46:03 2009
Expr = 
Failed at bit 6611 of 14999
Msg = Detected in gw_test_mismatched_sums() in gwprp.cpp (PRP Testing)
Iteration: 6611/14999 ERROR: SUM(INPUTS) != SUM(OUTPUTS),
   1.73374897762976e+016 != 1.733748977629755e+016
  (Diff=52 max allowed=46)
  (Test aborted, try again using the -a1 switch)

-----------------------------------------------------------------------
Error occuring in PFGW at Wed May 13 13:46:04 2009
Expr = 
Failed at bit 6611 of 14999
Msg = Detected in gw_test_mismatched_sums() in gwprp.cpp (PRP Testing)
Iteration: 6611/14999 ERROR: SUM(INPUTS) != SUM(OUTPUTS),
   1.73374897762976e+016 != 1.733748977629755e+016
  (Diff=52 max allowed=46)
  (Test aborted, try again using the -a1 switch)

-----------------------------------------------------------------------
Error occuring in PFGW at Wed May 13 13:46:06 2009
Expr = 
Failed at bit 6611 of 14999
Msg = Detected in gw_test_mismatched_sums() in gwprp.cpp (PRP Testing)
Iteration: 6611/14999 ERROR: SUM(INPUTS) != SUM(OUTPUTS),
   1.73374897762976e+016 != 1.733748977629755e+016
  (Diff=52 max allowed=46)
  (Test aborted, try again using the -a1 switch)

-----------------------------------------------------------------------
Error occuring in PFGW at Wed May 13 13:46:08 2009
Expr = 
Failed at bit 6611 of 14999
Msg = Detected in gw_test_mismatched_sums() in gwprp.cpp (PRP Testing)
Iteration: 6611/14999 ERROR: SUM(INPUTS) != SUM(OUTPUTS),
   1.73374897762976e+016 != 1.733748977629755e+016
  (Diff=52 max allowed=46)
  (Test aborted, try again using the -a1 switch)

-----------------------------------------------------------------------
Error occuring in PFGW at Wed May 13 13:46:09 2009
Expr = 
Failed at bit 6611 of 14999
Msg = Detected in gw_test_mismatched_sums() in gwprp.cpp (PRP Testing)
Iteration: 6611/14999 ERROR: SUM(INPUTS) != SUM(OUTPUTS),
   1.73374897762976e+016 != 1.733748977629755e+016
  (Diff=52 max allowed=46)
  (Test aborted, try again using the -a1 switch)

-----------------------------------------------------------------------
Error occuring in PFGW at Wed May 13 13:46:11 2009
Expr = 
Failed at bit 6611 of 14999
Msg = Detected in gw_test_mismatched_sums() in gwprp.cpp (PRP Testing)
Iteration: 6611/14999 ERROR: SUM(INPUTS) != SUM(OUTPUTS),
   1.73374897762976e+016 != 1.733748977629755e+016
  (Diff=52 max allowed=46)
  (Test aborted, try again using the -a1 switch)

-----------------------------------------------------------------------
Error occuring in PFGW at Wed May 13 13:46:12 2009
Expr = 
Failed at bit 6611 of 14999
Msg = Detected in gw_test_mismatched_sums() in gwprp.cpp (PRP Testing)
Iteration: 6611/14999 ERROR: SUM(INPUTS) != SUM(OUTPUTS),
   1.73374897762976e+016 != 1.733748977629755e+016
  (Diff=52 max allowed=46)
  (Test aborted, try again using the -a1 switch)

-----------------------------------------------------------------------
Error occuring in PFGW at Wed May 13 13:46:14 2009
Expr = 
Failed at bit 6611 of 14999
Msg = Detected in gw_test_mismatched_sums() in gwprp.cpp (PRP Testing)
Iteration: 6611/14999 ERROR: SUM(INPUTS) != SUM(OUTPUTS),
   1.73374897762976e+016 != 1.733748977629755e+016
  (Diff=52 max allowed=46)
  (Test aborted, try again using the -a1 switch)

-----------------------------------------------------------------------
Error occuring in PFGW at Wed May 13 13:46:16 2009
Expr = 
Failed at bit 6611 of 14999
Msg = Detected in gw_test_mismatched_sums() in gwprp.cpp (PRP Testing)
Iteration: 6611/14999 ERROR: SUM(INPUTS) != SUM(OUTPUTS),
   1.73374897762976e+016 != 1.733748977629755e+016
  (Diff=52 max allowed=46)
  (Test aborted, try again using the -a1 switch)

-----------------------------------------------------------------------
Error occuring in PFGW at Wed May 13 13:46:17 2009
Expr = 
Failed at bit 6611 of 14999
Msg = Detected in gw_test_mismatched_sums() in gwprp.cpp (PRP Testing)
Iteration: 6611/14999 ERROR: SUM(INPUTS) != SUM(OUTPUTS),
   1.73374897762976e+016 != 1.733748977629755e+016
  (Diff=52 max allowed=46)
  (Test aborted, try again using the -a1 switch)

-----------------------------------------------------------------------
Error occuring in PFGW at Wed May 13 13:46:19 2009
Expr = 
Failed at bit 6611 of 14999
Msg = Detected in gw_test_mismatched_sums() in gwprp.cpp (PRP Testing)
Iteration: 6611/14999 ERROR: SUM(INPUTS) != SUM(OUTPUTS),
   1.73374897762976e+016 != 1.733748977629755e+016
  (Diff=52 max allowed=46)
  (Test aborted, try again using the -a1 switch)

-----------------------------------------------------------------------
Error occuring in PFGW at Wed May 13 13:46:21 2009
Expr = 
Failed at bit 6611 of 14999
Msg = Detected in gw_test_mismatched_sums() in gwprp.cpp (PRP Testing)
Iteration: 6611/14999 ERROR: SUM(INPUTS) != SUM(OUTPUTS),
   1.73374897762976e+016 != 1.733748977629755e+016
  (Diff=52 max allowed=46)
  (Test aborted, try again using the -a1 switch)

-----------------------------------------------------------------------
Error occuring in PFGW at Wed May 13 13:46:22 2009
Expr = 
Failed at bit 6611 of 14999
Msg = Detected in gw_test_mismatched_sums() in gwprp.cpp (PRP Testing)
Iteration: 6611/14999 ERROR: SUM(INPUTS) != SUM(OUTPUTS),
   1.73374897762976e+016 != 1.733748977629755e+016
  (Diff=52 max allowed=46)
  (Test aborted, try again using the -a1 switch)

-----------------------------------------------------------------------
Error occuring in PFGW at Wed May 13 13:46:24 2009
Expr = 
Failed at bit 6611 of 14999
Msg = Detected in gw_test_mismatched_sums() in gwprp.cpp (PRP Testing)
Iteration: 6611/14999 ERROR: SUM(INPUTS) != SUM(OUTPUTS),
   1.73374897762976e+016 != 1.733748977629755e+016
  (Diff=52 max allowed=46)
  (Test aborted, try again using the -a1 switch)

-----------------------------------------------------------------------
Error occuring in PFGW at Wed May 13 13:46:25 2009
Expr = 
Failed at bit 6611 of 14999
Msg = Detected in gw_test_mismatched_sums() in gwprp.cpp (PRP Testing)
Iteration: 6611/14999 ERROR: SUM(INPUTS) != SUM(OUTPUTS),
   1.73374897762976e+016 != 1.733748977629755e+016
  (Diff=52 max allowed=46)
  (Test aborted, try again using the -a1 switch)

-----------------------------------------------------------------------
Error occuring in PFGW at Wed May 13 13:51:43 2009
Expr = 
Failed at bit 7792 of 9999
Msg = Detected in gw_test_mismatched_sums() in gwprp.cpp (PRP Testing)
Iteration: 7792/9999 ERROR: SUM(INPUTS) != SUM(OUTPUTS),
   2.06250237929942e+016 != 2.062502379299417e+016
  (Diff=32 max allowed=26)
  (Test aborted, try again using the -a1 switch)

-----------------------------------------------------------------------
Error occuring in PFGW at Wed May 13 13:51:44 2009
Expr = 
Failed at bit 7792 of 9999
Msg = Detected in gw_test_mismatched_sums() in gwprp.cpp (PRP Testing)
Iteration: 7792/9999 ERROR: SUM(INPUTS) != SUM(OUTPUTS),
   2.06250237929942e+016 != 2.062502379299417e+016
  (Diff=32 max allowed=26)
  (Test aborted, try again using the -a1 switch)

-----------------------------------------------------------------------
Error occuring in PFGW at Wed May 13 13:51:45 2009
Expr = 
Failed at bit 7792 of 9999
Msg = Detected in gw_test_mismatched_sums() in gwprp.cpp (PRP Testing)
Iteration: 7792/9999 ERROR: SUM(INPUTS) != SUM(OUTPUTS),
   2.06250237929942e+016 != 2.062502379299417e+016
  (Diff=32 max allowed=26)
  (Test aborted, try again using the -a1 switch)

-----------------------------------------------------------------------
Error occuring in PFGW at Wed May 13 13:51:46 2009
Expr = 
Failed at bit 7792 of 9999
Msg = Detected in gw_test_mismatched_sums() in gwprp.cpp (PRP Testing)
Iteration: 7792/9999 ERROR: SUM(INPUTS) != SUM(OUTPUTS),
   2.06250237929942e+016 != 2.062502379299417e+016
  (Diff=32 max allowed=26)
  (Test aborted, try again using the -a1 switch)

-----------------------------------------------------------------------
Error occuring in PFGW at Wed May 13 13:51:48 2009
Expr = 
Failed at bit 7792 of 9999
Msg = Detected in gw_test_mismatched_sums() in gwprp.cpp (PRP Testing)
Iteration: 7792/9999 ERROR: SUM(INPUTS) != SUM(OUTPUTS),
   2.06250237929942e+016 != 2.062502379299417e+016
  (Diff=32 max allowed=26)
  (Test aborted, try again using the -a1 switch)

-----------------------------------------------------------------------
Error occuring in PFGW at Wed May 13 13:51:49 2009
Expr = 
Failed at bit 7792 of 9999
Msg = Detected in gw_test_mismatched_sums() in gwprp.cpp (PRP Testing)
Iteration: 7792/9999 ERROR: SUM(INPUTS) != SUM(OUTPUTS),
   2.06250237929942e+016 != 2.062502379299417e+016
  (Diff=32 max allowed=26)
  (Test aborted, try again using the -a1 switch)

-----------------------------------------------------------------------
Error occuring in PFGW at Wed May 13 13:51:50 2009
Expr = 
Failed at bit 7792 of 9999
Msg = Detected in gw_test_mismatched_sums() in gwprp.cpp (PRP Testing)
Iteration: 7792/9999 ERROR: SUM(INPUTS) != SUM(OUTPUTS),
   2.06250237929942e+016 != 2.062502379299417e+016
  (Diff=32 max allowed=26)
  (Test aborted, try again using the -a1 switch)

-----------------------------------------------------------------------
Error occuring in PFGW at Wed May 13 13:51:51 2009
Expr = 
Failed at bit 7792 of 9999
Msg = Detected in gw_test_mismatched_sums() in gwprp.cpp (PRP Testing)
Iteration: 7792/9999 ERROR: SUM(INPUTS) != SUM(OUTPUTS),
   2.06250237929942e+016 != 2.062502379299417e+016
  (Diff=32 max allowed=26)
  (Test aborted, try again using the -a1 switch)

-----------------------------------------------------------------------
Error occuring in PFGW at Wed May 13 13:51:52 2009
Expr = 
Failed at bit 7792 of 9999
Msg = Detected in gw_test_mismatched_sums() in gwprp.cpp (PRP Testing)
Iteration: 7792/9999 ERROR: SUM(INPUTS) != SUM(OUTPUTS),
   2.06250237929942e+016 != 2.062502379299417e+016
  (Diff=32 max allowed=26)
  (Test aborted, try again using the -a1 switch)

-----------------------------------------------------------------------
Error occuring in PFGW at Wed May 13 13:51:53 2009
Expr = 
Failed at bit 7792 of 9999
Msg = Detected in gw_test_mismatched_sums() in gwprp.cpp (PRP Testing)
Iteration: 7792/9999 ERROR: SUM(INPUTS) != SUM(OUTPUTS),
   2.06250237929942e+016 != 2.062502379299417e+016
  (Diff=32 max allowed=26)
  (Test aborted, try again using the -a1 switch)

-----------------------------------------------------------------------
Error occuring in PFGW at Wed May 13 13:51:55 2009
Expr = 
Failed at bit 7792 of 9999
Msg = Detected in gw_test_mismatched_sums() in gwprp.cpp (PRP Testing)
Iteration: 7792/9999 ERROR: SUM(INPUTS) != SUM(OUTPUTS),
   2.06250237929942e+016 != 2.062502379299417e+016
  (Diff=32 max allowed=26)
  (Test aborted, try again using the -a1 switch)

-----------------------------------------------------------------------
Error occuring in PFGW at Wed May 13 13:51:56 2009
Expr = 
Failed at bit 7792 of 9999
Msg = Detected in gw_test_mismatched_sums() in gwprp.cpp (PRP Testing)
Iteration: 7792/9999 ERROR: SUM(INPUTS) != SUM(OUTPUTS),
   2.06250237929942e+016 != 2.062502379299417e+016
  (Diff=32 max allowed=26)
  (Test aborted, try again using the -a1 switch)

-----------------------------------------------------------------------
Error occuring in PFGW at Wed May 13 13:51:58 2009
Expr = 
Failed at bit 7792 of 9999
Msg = Detected in gw_test_mismatched_sums() in gwprp.cpp (PRP Testing)
Iteration: 7792/9999 ERROR: SUM(INPUTS) != SUM(OUTPUTS),
   2.06250237929942e+016 != 2.062502379299417e+016
  (Diff=32 max allowed=26)
  (Test aborted, try again using the -a1 switch)

-----------------------------------------------------------------------
Error occuring in PFGW at Wed May 13 13:51:59 2009
Expr = 
Failed at bit 7792 of 9999
Msg = Detected in gw_test_mismatched_sums() in gwprp.cpp (PRP Testing)
Iteration: 7792/9999 ERROR: SUM(INPUTS) != SUM(OUTPUTS),
   2.06250237929942e+016 != 2.062502379299417e+016
  (Diff=32 max allowed=26)
  (Test aborted, try again using the -a1 switch)

-----------------------------------------------------------------------
Error occuring in PFGW at Wed May 13 13:52:01 2009
Expr = 
Failed at bit 7792 of 9999
Msg = Detected in gw_test_mismatched_sums() in gwprp.cpp (PRP Testing)
Iteration: 7792/9999 ERROR: SUM(INPUTS) != SUM(OUTPUTS),
   2.06250237929942e+016 != 2.062502379299417e+016
  (Diff=32 max allowed=26)
  (Test aborted, try again using the -a1 switch)

-----------------------------------------------------------------------
Error occuring in PFGW at Wed May 13 13:52:03 2009
Expr = 
Failed at bit 7792 of 9999
Msg = Detected in gw_test_mismatched_sums() in gwprp.cpp (PRP Testing)
Iteration: 7792/9999 ERROR: SUM(INPUTS) != SUM(OUTPUTS),
   2.06250237929942e+016 != 2.062502379299417e+016
  (Diff=32 max allowed=26)
  (Test aborted, try again using the -a1 switch)

-----------------------------------------------------------------------
Error occuring in PFGW at Wed May 13 13:52:04 2009
Expr = 
Failed at bit 7792 of 9999
Msg = Detected in gw_test_mismatched_sums() in gwprp.cpp (PRP Testing)
Iteration: 7792/9999 ERROR: SUM(INPUTS) != SUM(OUTPUTS),
   2.06250237929942e+016 != 2.062502379299417e+016
  (Diff=32 max allowed=26)
  (Test aborted, try again using the -a1 switch)

-----------------------------------------------------------------------
Error occuring in PFGW at Wed May 13 13:52:06 2009
Expr = 
Failed at bit 7792 of 9999
Msg = Detected in gw_test_mismatched_sums() in gwprp.cpp (PRP Testing)
Iteration: 7792/9999 ERROR: SUM(INPUTS) != SUM(OUTPUTS),
   2.06250237929942e+016 != 2.062502379299417e+016
  (Diff=32 max allowed=26)
  (Test aborted, try again using the -a1 switch)

-----------------------------------------------------------------------
Error occuring in PFGW at Wed May 13 13:52:07 2009
Expr = 
Failed at bit 7792 of 9999
Msg = Detected in gw_test_mismatched_sums() in gwprp.cpp (PRP Testing)
Iteration: 7792/9999 ERROR: SUM(INPUTS) != SUM(OUTPUTS),
   2.06250237929942e+016 != 2.062502379299417e+016
  (Diff=32 max allowed=26)
  (Test aborted, try again using the -a1 switch)

-----------------------------------------------------------------------
Error occuring in PFGW at Wed May 13 13:52:08 2009
Expr = 
Failed at bit 7792 of 9999
Msg = Detected in gw_test_mismatched_sums() in gwprp.cpp (PRP Testing)
Iteration: 7792/9999 ERROR: SUM(INPUTS) != SUM(OUTPUTS),
   2.06250237929942e+016 != 2.062502379299417e+016
  (Diff=32 max allowed=26)
  (Test aborted, try again using the -a1 switch)

-----------------------------------------------------------------------
Error occuring in PFGW at Wed May 13 13:52:09 2009
Expr = 
Failed at bit 7792 of 9999
Msg = Detected in gw_test_mismatched_sums() in gwprp.cpp (PRP Testing)
Iteration: 7792/9999 ERROR: SUM(INPUTS) != SUM(OUTPUTS),
   2.06250237929942e+016 != 2.062502379299417e+016
  (Diff=32 max allowed=26)
  (Test aborted, try again using the -a1 switch)

-----------------------------------------------------------------------
Error occuring in PFGW at Wed May 13 13:52:10 2009
Expr = 
Failed at bit 7792 of 9999
Msg = Detected in gw_test_mismatched_sums() in gwprp.cpp (PRP Testing)
Iteration: 7792/9999 ERROR: SUM(INPUTS) != SUM(OUTPUTS),
   2.06250237929942e+016 != 2.062502379299417e+016
  (Diff=32 max allowed=26)
  (Test aborted, try again using the -a1 switch)

-----------------------------------------------------------------------
Error occuring in PFGW at Wed May 13 13:52:12 2009
Expr = 
Failed at bit 7792 of 9999
Msg = Detected in gw_test_mismatched_sums() in gwprp.cpp (PRP Testing)
Iteration: 7792/9999 ERROR: SUM(INPUTS) != SUM(OUTPUTS),
   2.06250237929942e+016 != 2.062502379299417e+016
  (Diff=32 max allowed=26)
  (Test aborted, try again using the -a1 switch)

-----------------------------------------------------------------------
Error occuring in PFGW at Wed May 13 13:52:13 2009
Expr = 
Failed at bit 7792 of 9999
Msg = Detected in gw_test_mismatched_sums() in gwprp.cpp (PRP Testing)
Iteration: 7792/9999 ERROR: SUM(INPUTS) != SUM(OUTPUTS),
   2.06250237929942e+016 != 2.062502379299417e+016
  (Diff=32 max allowed=26)
  (Test aborted, try again using the -a1 switch)

-----------------------------------------------------------------------
Error occuring in PFGW at Wed May 13 13:52:14 2009
Expr = 
Failed at bit 7792 of 9999
Msg = Detected in gw_test_mismatched_sums() in gwprp.cpp (PRP Testing)
Iteration: 7792/9999 ERROR: SUM(INPUTS) != SUM(OUTPUTS),
   2.06250237929942e+016 != 2.062502379299417e+016
  (Diff=32 max allowed=26)
  (Test aborted, try again using the -a1 switch)

-----------------------------------------------------------------------
Error occuring in PFGW at Wed May 13 13:52:16 2009
Expr = 
Failed at bit 7792 of 9999
Msg = Detected in gw_test_mismatched_sums() in gwprp.cpp (PRP Testing)
Iteration: 7792/9999 ERROR: SUM(INPUTS) != SUM(OUTPUTS),
   2.06250237929942e+016 != 2.062502379299417e+016
  (Diff=32 max allowed=26)
  (Test aborted, try again using the -a1 switch)

-----------------------------------------------------------------------
Error occuring in PFGW at Wed May 13 13:52:17 2009
Expr = 
Failed at bit 7792 of 9999
Msg = Detected in gw_test_mismatched_sums() in gwprp.cpp (PRP Testing)
Iteration: 7792/9999 ERROR: SUM(INPUTS) != SUM(OUTPUTS),
   2.06250237929942e+016 != 2.062502379299417e+016
  (Diff=32 max allowed=26)
  (Test aborted, try again using the -a1 switch)

-----------------------------------------------------------------------
Error occuring in PFGW at Wed May 13 13:52:18 2009
Expr = 
Failed at bit 7792 of 9999
Msg = Detected in gw_test_mismatched_sums() in gwprp.cpp (PRP Testing)
Iteration: 7792/9999 ERROR: SUM(INPUTS) != SUM(OUTPUTS),
   2.06250237929942e+016 != 2.062502379299417e+016
  (Diff=32 max allowed=26)
  (Test aborted, try again using the -a1 switch)

-----------------------------------------------------------------------
Error occuring in PFGW at Wed May 13 13:52:19 2009
Expr = 
Failed at bit 7792 of 9999
Msg = Detected in gw_test_mismatched_sums() in gwprp.cpp (PRP Testing)
Iteration: 7792/9999 ERROR: SUM(INPUTS) != SUM(OUTPUTS),
   2.06250237929942e+016 != 2.062502379299417e+016
  (Diff=32 max allowed=26)
  (Test aborted, try again using the -a1 switch)

-----------------------------------------------------------------------
Error occuring in PFGW at Wed May 13 13:52:20 2009
Expr = 
Failed at bit 7792 of 9999
Msg = Detected in gw_test_mismatched_sums() in gwprp.cpp (PRP Testing)
Iteration: 7792/9999 ERROR: SUM(INPUTS) != SUM(OUTPUTS),
   2.06250237929942e+016 != 2.062502379299417e+016
  (Diff=32 max allowed=26)
  (Test aborted, try again using the -a1 switch)

-----------------------------------------------------------------------
Error occuring in PFGW at Wed May 13 13:52:22 2009
Expr = 
Failed at bit 7792 of 9999
Msg = Detected in gw_test_mismatched_sums() in gwprp.cpp (PRP Testing)
Iteration: 7792/9999 ERROR: SUM(INPUTS) != SUM(OUTPUTS),
   2.06250237929942e+016 != 2.062502379299417e+016
  (Diff=32 max allowed=26)
  (Test aborted, try again using the -a1 switch)

-----------------------------------------------------------------------
Error occuring in PFGW at Wed May 13 13:52:23 2009
Expr = 
Failed at bit 7792 of 9999
Msg = Detected in gw_test_mismatched_sums() in gwprp.cpp (PRP Testing)
Iteration: 7792/9999 ERROR: SUM(INPUTS) != SUM(OUTPUTS),
   2.06250237929942e+016 != 2.062502379299417e+016
  (Diff=32 max allowed=26)
  (Test aborted, try again using the -a1 switch)

-----------------------------------------------------------------------
Error occuring in PFGW at Wed May 13 13:52:23 2009
Expr = 
Failed at bit 7792 of 9999
Msg = Detected in gw_test_mismatched_sums() in gwprp.cpp (PRP Testing)
Iteration: 7792/9999 ERROR: SUM(INPUTS) != SUM(OUTPUTS),
   2.06250237929942e+016 != 2.062502379299417e+016
  (Diff=32 max allowed=26)
  (Test aborted, try again using the -a1 switch)

-----------------------------------------------------------------------
Error occuring in PFGW at Wed May 13 13:52:25 2009
Expr = 
Failed at bit 7792 of 9999
Msg = Detected in gw_test_mismatched_sums() in gwprp.cpp (PRP Testing)
Iteration: 7792/9999 ERROR: SUM(INPUTS) != SUM(OUTPUTS),
   2.06250237929942e+016 != 2.062502379299417e+016
  (Diff=32 max allowed=26)
  (Test aborted, try again using the -a1 switch)

-----------------------------------------------------------------------
Error occuring in PFGW at Wed May 13 13:52:26 2009
Expr = 
Failed at bit 7792 of 9999
Msg = Detected in gw_test_mismatched_sums() in gwprp.cpp (PRP Testing)
Iteration: 7792/9999 ERROR: SUM(INPUTS) != SUM(OUTPUTS),
   2.06250237929942e+016 != 2.062502379299417e+016
  (Diff=32 max allowed=26)
  (Test aborted, try again using the -a1 switch)

-----------------------------------------------------------------------
Error occuring in PFGW at Wed May 13 13:52:27 2009
Expr = 
Failed at bit 7792 of 9999
Msg = Detected in gw_test_mismatched_sums() in gwprp.cpp (PRP Testing)
Iteration: 7792/9999 ERROR: SUM(INPUTS) != SUM(OUTPUTS),
   2.06250237929942e+016 != 2.062502379299417e+016
  (Diff=32 max allowed=26)
  (Test aborted, try again using the -a1 switch)

-----------------------------------------------------------------------
Error occuring in PFGW at Wed May 13 13:52:28 2009
Expr = 
Failed at bit 7792 of 9999
Msg = Detected in gw_test_mismatched_sums() in gwprp.cpp (PRP Testing)
Iteration: 7792/9999 ERROR: SUM(INPUTS) != SUM(OUTPUTS),
   2.06250237929942e+016 != 2.062502379299417e+016
  (Diff=32 max allowed=26)
  (Test aborted, try again using the -a1 switch)

-----------------------------------------------------------------------
Error occuring in PFGW at Wed May 13 13:52:29 2009
Expr = 
Failed at bit 7792 of 9999
Msg = Detected in gw_test_mismatched_sums() in gwprp.cpp (PRP Testing)
Iteration: 7792/9999 ERROR: SUM(INPUTS) != SUM(OUTPUTS),
   2.06250237929942e+016 != 2.062502379299417e+016
  (Diff=32 max allowed=26)
  (Test aborted, try again using the -a1 switch)

-----------------------------------------------------------------------
Error occuring in PFGW at Wed May 13 13:52:30 2009
Expr = 
Failed at bit 7792 of 9999
Msg = Detected in gw_test_mismatched_sums() in gwprp.cpp (PRP Testing)
Iteration: 7792/9999 ERROR: SUM(INPUTS) != SUM(OUTPUTS),
   2.06250237929942e+016 != 2.062502379299417e+016
  (Diff=32 max allowed=26)
  (Test aborted, try again using the -a1 switch)

-----------------------------------------------------------------------
Error occuring in PFGW at Wed May 13 13:52:32 2009
Expr = 
Failed at bit 7792 of 9999
Msg = Detected in gw_test_mismatched_sums() in gwprp.cpp (PRP Testing)
Iteration: 7792/9999 ERROR: SUM(INPUTS) != SUM(OUTPUTS),
   2.06250237929942e+016 != 2.062502379299417e+016
  (Diff=32 max allowed=26)
  (Test aborted, try again using the -a1 switch)

-----------------------------------------------------------------------
Error occuring in PFGW at Wed May 13 13:53:01 2009
Expr = 
Failed at bit 6611 of 14999
Msg = Detected in gw_test_mismatched_sums() in gwprp.cpp (PRP Testing)
Iteration: 6611/14999 ERROR: SUM(INPUTS) != SUM(OUTPUTS),
   1.73374897762976e+016 != 1.733748977629755e+016
  (Diff=52 max allowed=46)
  (Test aborted, try again using the -a1 switch)

-----------------------------------------------------------------------
Error occuring in PFGW at Wed May 13 13:53:02 2009
Expr = 
Failed at bit 6611 of 14999
Msg = Detected in gw_test_mismatched_sums() in gwprp.cpp (PRP Testing)
Iteration: 6611/14999 ERROR: SUM(INPUTS) != SUM(OUTPUTS),
   1.73374897762976e+016 != 1.733748977629755e+016
  (Diff=52 max allowed=46)
  (Test aborted, try again using the -a1 switch)

-----------------------------------------------------------------------
Error occuring in PFGW at Wed May 13 13:53:03 2009
Expr = 
Failed at bit 6611 of 14999
Msg = Detected in gw_test_mismatched_sums() in gwprp.cpp (PRP Testing)
Iteration: 6611/14999 ERROR: SUM(INPUTS) != SUM(OUTPUTS),
   1.73374897762976e+016 != 1.733748977629755e+016
  (Diff=52 max allowed=46)
  (Test aborted, try again using the -a1 switch)

-----------------------------------------------------------------------
Error occuring in PFGW at Wed May 13 13:53:05 2009
Expr = 
Failed at bit 6611 of 14999
Msg = Detected in gw_test_mismatched_sums() in gwprp.cpp (PRP Testing)
Iteration: 6611/14999 ERROR: SUM(INPUTS) != SUM(OUTPUTS),
   1.73374897762976e+016 != 1.733748977629755e+016
  (Diff=52 max allowed=46)
  (Test aborted, try again using the -a1 switch)

-----------------------------------------------------------------------
Error occuring in PFGW at Wed May 13 13:53:06 2009
Expr = 
Failed at bit 6611 of 14999
Msg = Detected in gw_test_mismatched_sums() in gwprp.cpp (PRP Testing)
Iteration: 6611/14999 ERROR: SUM(INPUTS) != SUM(OUTPUTS),
   1.73374897762976e+016 != 1.733748977629755e+016
  (Diff=52 max allowed=46)
  (Test aborted, try again using the -a1 switch)

-----------------------------------------------------------------------
Error occuring in PFGW at Wed May 13 13:53:07 2009
Expr = 
Failed at bit 6611 of 14999
Msg = Detected in gw_test_mismatched_sums() in gwprp.cpp (PRP Testing)
Iteration: 6611/14999 ERROR: SUM(INPUTS) != SUM(OUTPUTS),
   1.73374897762976e+016 != 1.733748977629755e+016
  (Diff=52 max allowed=46)
  (Test aborted, try again using the -a1 switch)

-----------------------------------------------------------------------
Error occuring in PFGW at Wed May 13 13:53:09 2009
Expr = 
Failed at bit 6611 of 14999
Msg = Detected in gw_test_mismatched_sums() in gwprp.cpp (PRP Testing)
Iteration: 6611/14999 ERROR: SUM(INPUTS) != SUM(OUTPUTS),
   1.73374897762976e+016 != 1.733748977629755e+016
  (Diff=52 max allowed=46)
  (Test aborted, try again using the -a1 switch)

-----------------------------------------------------------------------
Error occuring in PFGW at Wed May 13 13:53:10 2009
Expr = 
Failed at bit 6611 of 14999
Msg = Detected in gw_test_mismatched_sums() in gwprp.cpp (PRP Testing)
Iteration: 6611/14999 ERROR: SUM(INPUTS) != SUM(OUTPUTS),
   1.73374897762976e+016 != 1.733748977629755e+016
  (Diff=52 max allowed=46)
  (Test aborted, try again using the -a1 switch)

-----------------------------------------------------------------------
Error occuring in PFGW at Wed May 13 13:53:11 2009
Expr = 
Failed at bit 6611 of 14999
Msg = Detected in gw_test_mismatched_sums() in gwprp.cpp (PRP Testing)
Iteration: 6611/14999 ERROR: SUM(INPUTS) != SUM(OUTPUTS),
   1.73374897762976e+016 != 1.733748977629755e+016
  (Diff=52 max allowed=46)
  (Test aborted, try again using the -a1 switch)

-----------------------------------------------------------------------
Error occuring in PFGW at Wed May 13 13:53:13 2009
Expr = 
Failed at bit 6611 of 14999
Msg = Detected in gw_test_mismatched_sums() in gwprp.cpp (PRP Testing)
Iteration: 6611/14999 ERROR: SUM(INPUTS) != SUM(OUTPUTS),
   1.73374897762976e+016 != 1.733748977629755e+016
  (Diff=52 max allowed=46)
  (Test aborted, try again using the -a1 switch)

-----------------------------------------------------------------------
Error occuring in PFGW at Wed May 13 13:53:14 2009
Expr = 
Failed at bit 6611 of 14999
Msg = Detected in gw_test_mismatched_sums() in gwprp.cpp (PRP Testing)
Iteration: 6611/14999 ERROR: SUM(INPUTS) != SUM(OUTPUTS),
   1.73374897762976e+016 != 1.733748977629755e+016
  (Diff=52 max allowed=46)
  (Test aborted, try again using the -a1 switch)

-----------------------------------------------------------------------
Error occuring in PFGW at Wed May 13 13:53:16 2009
Expr = 
Failed at bit 6611 of 14999
Msg = Detected in gw_test_mismatched_sums() in gwprp.cpp (PRP Testing)
Iteration: 6611/14999 ERROR: SUM(INPUTS) != SUM(OUTPUTS),
   1.73374897762976e+016 != 1.733748977629755e+016
  (Diff=52 max allowed=46)
  (Test aborted, try again using the -a1 switch)

-----------------------------------------------------------------------
Error occuring in PFGW at Wed May 13 13:53:18 2009
Expr = 
Failed at bit 6611 of 14999
Msg = Detected in gw_test_mismatched_sums() in gwprp.cpp (PRP Testing)
Iteration: 6611/14999 ERROR: SUM(INPUTS) != SUM(OUTPUTS),
   1.73374897762976e+016 != 1.733748977629755e+016
  (Diff=52 max allowed=46)
  (Test aborted, try again using the -a1 switch)

-----------------------------------------------------------------------
Error occuring in PFGW at Wed May 13 13:53:19 2009
Expr = 
Failed at bit 6611 of 14999
Msg = Detected in gw_test_mismatched_sums() in gwprp.cpp (PRP Testing)
Iteration: 6611/14999 ERROR: SUM(INPUTS) != SUM(OUTPUTS),
   1.73374897762976e+016 != 1.733748977629755e+016
  (Diff=52 max allowed=46)
  (Test aborted, try again using the -a1 switch)

-----------------------------------------------------------------------
Error occuring in PFGW at Wed May 13 13:53:21 2009
Expr = 
Failed at bit 6611 of 14999
Msg = Detected in gw_test_mismatched_sums() in gwprp.cpp (PRP Testing)
Iteration: 6611/14999 ERROR: SUM(INPUTS) != SUM(OUTPUTS),
   1.73374897762976e+016 != 1.733748977629755e+016
  (Diff=52 max allowed=46)
  (Test aborted, try again using the -a1 switch)

-----------------------------------------------------------------------
Error occuring in PFGW at Wed May 13 13:53:23 2009
Expr = 
Failed at bit 6611 of 14999
Msg = Detected in gw_test_mismatched_sums() in gwprp.cpp (PRP Testing)
Iteration: 6611/14999 ERROR: SUM(INPUTS) != SUM(OUTPUTS),
   1.73374897762976e+016 != 1.733748977629755e+016
  (Diff=52 max allowed=46)
  (Test aborted, try again using the -a1 switch)

-----------------------------------------------------------------------
Error occuring in PFGW at Wed May 13 13:53:24 2009
Expr = 
Failed at bit 6611 of 14999
Msg = Detected in gw_test_mismatched_sums() in gwprp.cpp (PRP Testing)
Iteration: 6611/14999 ERROR: SUM(INPUTS) != SUM(OUTPUTS),
   1.73374897762976e+016 != 1.733748977629755e+016
  (Diff=52 max allowed=46)
  (Test aborted, try again using the -a1 switch)

-----------------------------------------------------------------------
Error occuring in PFGW at Wed May 13 13:53:27 2009
Expr = 
Failed at bit 6611 of 14999
Msg = Detected in gw_test_mismatched_sums() in gwprp.cpp (PRP Testing)
Iteration: 6611/14999 ERROR: SUM(INPUTS) != SUM(OUTPUTS),
   1.73374897762976e+016 != 1.733748977629755e+016
  (Diff=52 max allowed=46)
  (Test aborted, try again using the -a1 switch)

-----------------------------------------------------------------------
Error occuring in PFGW at Wed May 13 13:53:28 2009
Expr = 
Failed at bit 6611 of 14999
Msg = Detected in gw_test_mismatched_sums() in gwprp.cpp (PRP Testing)
Iteration: 6611/14999 ERROR: SUM(INPUTS) != SUM(OUTPUTS),
   1.73374897762976e+016 != 1.733748977629755e+016
  (Diff=52 max allowed=46)
  (Test aborted, try again using the -a1 switch)

-----------------------------------------------------------------------
Error occuring in PFGW at Wed May 13 13:53:29 2009
Expr = 
Failed at bit 6611 of 14999
Msg = Detected in gw_test_mismatched_sums() in gwprp.cpp (PRP Testing)
Iteration: 6611/14999 ERROR: SUM(INPUTS) != SUM(OUTPUTS),
   1.73374897762976e+016 != 1.733748977629755e+016
  (Diff=52 max allowed=46)
  (Test aborted, try again using the -a1 switch)

-----------------------------------------------------------------------
Error occuring in PFGW at Wed May 13 13:53:31 2009
Expr = 
Failed at bit 6611 of 14999
Msg = Detected in gw_test_mismatched_sums() in gwprp.cpp (PRP Testing)
Iteration: 6611/14999 ERROR: SUM(INPUTS) != SUM(OUTPUTS),
   1.73374897762976e+016 != 1.733748977629755e+016
  (Diff=52 max allowed=46)
  (Test aborted, try again using the -a1 switch)

-----------------------------------------------------------------------
Error occuring in PFGW at Wed May 13 13:53:32 2009
Expr = 
Failed at bit 6611 of 14999
Msg = Detected in gw_test_mismatched_sums() in gwprp.cpp (PRP Testing)
Iteration: 6611/14999 ERROR: SUM(INPUTS) != SUM(OUTPUTS),
   1.73374897762976e+016 != 1.733748977629755e+016
  (Diff=52 max allowed=46)
  (Test aborted, try again using the -a1 switch)

-----------------------------------------------------------------------
Error occuring in PFGW at Wed May 13 13:53:34 2009
Expr = 
Failed at bit 6611 of 14999
Msg = Detected in gw_test_mismatched_sums() in gwprp.cpp (PRP Testing)
Iteration: 6611/14999 ERROR: SUM(INPUTS) != SUM(OUTPUTS),
   1.73374897762976e+016 != 1.733748977629755e+016
  (Diff=52 max allowed=46)
  (Test aborted, try again using the -a1 switch)

-----------------------------------------------------------------------
Error occuring in PFGW at Wed May 13 13:53:36 2009
Expr = 
Failed at bit 6611 of 14999
Msg = Detected in gw_test_mismatched_sums() in gwprp.cpp (PRP Testing)
Iteration: 6611/14999 ERROR: SUM(INPUTS) != SUM(OUTPUTS),
   1.73374897762976e+016 != 1.733748977629755e+016
  (Diff=52 max allowed=46)
  (Test aborted, try again using the -a1 switch)

-----------------------------------------------------------------------
Error occuring in PFGW at Wed May 13 13:53:38 2009
Expr = 
Failed at bit 6611 of 14999
Msg = Detected in gw_test_mismatched_sums() in gwprp.cpp (PRP Testing)
Iteration: 6611/14999 ERROR: SUM(INPUTS) != SUM(OUTPUTS),
   1.73374897762976e+016 != 1.733748977629755e+016
  (Diff=52 max allowed=46)
  (Test aborted, try again using the -a1 switch)

-----------------------------------------------------------------------
Error occuring in PFGW at Wed May 13 13:53:39 2009
Expr = 
Failed at bit 6611 of 14999
Msg = Detected in gw_test_mismatched_sums() in gwprp.cpp (PRP Testing)
Iteration: 6611/14999 ERROR: SUM(INPUTS) != SUM(OUTPUTS),
   1.73374897762976e+016 != 1.733748977629755e+016
  (Diff=52 max allowed=46)
  (Test aborted, try again using the -a1 switch)

-----------------------------------------------------------------------
Error occuring in PFGW at Wed May 13 13:53:41 2009
Expr = 
Failed at bit 6611 of 14999
Msg = Detected in gw_test_mismatched_sums() in gwprp.cpp (PRP Testing)
Iteration: 6611/14999 ERROR: SUM(INPUTS) != SUM(OUTPUTS),
   1.73374897762976e+016 != 1.733748977629755e+016
  (Diff=52 max allowed=46)
  (Test aborted, try again using the -a1 switch)

-----------------------------------------------------------------------
Error occuring in PFGW at Wed May 13 13:53:42 2009
Expr = 
Failed at bit 6611 of 14999
Msg = Detected in gw_test_mismatched_sums() in gwprp.cpp (PRP Testing)
Iteration: 6611/14999 ERROR: SUM(INPUTS) != SUM(OUTPUTS),
   1.73374897762976e+016 != 1.733748977629755e+016
  (Diff=52 max allowed=46)
  (Test aborted, try again using the -a1 switch)

-----------------------------------------------------------------------
Error occuring in PFGW at Wed May 13 13:53:43 2009
Expr = 
Failed at bit 6611 of 14999
Msg = Detected in gw_test_mismatched_sums() in gwprp.cpp (PRP Testing)
Iteration: 6611/14999 ERROR: SUM(INPUTS) != SUM(OUTPUTS),
   1.73374897762976e+016 != 1.733748977629755e+016
  (Diff=52 max allowed=46)
  (Test aborted, try again using the -a1 switch)

-----------------------------------------------------------------------
Error occuring in PFGW at Wed May 13 13:53:45 2009
Expr = 
Failed at bit 6611 of 14999
Msg = Detected in gw_test_mismatched_sums() in gwprp.cpp (PRP Testing)
Iteration: 6611/14999 ERROR: SUM(INPUTS) != SUM(OUTPUTS),
   1.73374897762976e+016 != 1.733748977629755e+016
  (Diff=52 max allowed=46)
  (Test aborted, try again using the -a1 switch)

-----------------------------------------------------------------------
Error occuring in PFGW at Wed May 13 13:53:47 2009
Expr = 
Failed at bit 6611 of 14999
Msg = Detected in gw_test_mismatched_sums() in gwprp.cpp (PRP Testing)
Iteration: 6611/14999 ERROR: SUM(INPUTS) != SUM(OUTPUTS),
   1.73374897762976e+016 != 1.733748977629755e+016
  (Diff=52 max allowed=46)
  (Test aborted, try again using the -a1 switch)

-----------------------------------------------------------------------
Error occuring in PFGW at Wed May 13 13:53:48 2009
Expr = 
Failed at bit 6611 of 14999
Msg = Detected in gw_test_mismatched_sums() in gwprp.cpp (PRP Testing)
Iteration: 6611/14999 ERROR: SUM(INPUTS) != SUM(OUTPUTS),
   1.73374897762976e+016 != 1.733748977629755e+016
  (Diff=52 max allowed=46)
  (Test aborted, try again using the -a1 switch)

-----------------------------------------------------------------------
Error occuring in PFGW at Wed May 13 13:53:50 2009
Expr = 
Failed at bit 6611 of 14999
Msg = Detected in gw_test_mismatched_sums() in gwprp.cpp (PRP Testing)
Iteration: 6611/14999 ERROR: SUM(INPUTS) != SUM(OUTPUTS),
   1.73374897762976e+016 != 1.733748977629755e+016
  (Diff=52 max allowed=46)
  (Test aborted, try again using the -a1 switch)

-----------------------------------------------------------------------
Error occuring in PFGW at Wed May 13 13:53:51 2009
Expr = 
Failed at bit 6611 of 14999
Msg = Detected in gw_test_mismatched_sums() in gwprp.cpp (PRP Testing)
Iteration: 6611/14999 ERROR: SUM(INPUTS) != SUM(OUTPUTS),
   1.73374897762976e+016 != 1.733748977629755e+016
  (Diff=52 max allowed=46)
  (Test aborted, try again using the -a1 switch)

-----------------------------------------------------------------------
Error occuring in PFGW at Wed May 13 13:53:53 2009
Expr = 
Failed at bit 6611 of 14999
Msg = Detected in gw_test_mismatched_sums() in gwprp.cpp (PRP Testing)
Iteration: 6611/14999 ERROR: SUM(INPUTS) != SUM(OUTPUTS),
   1.73374897762976e+016 != 1.733748977629755e+016
  (Diff=52 max allowed=46)
  (Test aborted, try again using the -a1 switch)

-----------------------------------------------------------------------
Error occuring in PFGW at Wed May 13 13:53:54 2009
Expr = 
Failed at bit 6611 of 14999
Msg = Detected in gw_test_mismatched_sums() in gwprp.cpp (PRP Testing)
Iteration: 6611/14999 ERROR: SUM(INPUTS) != SUM(OUTPUTS),
   1.73374897762976e+016 != 1.733748977629755e+016
  (Diff=52 max allowed=46)
  (Test aborted, try again using the -a1 switch)

-----------------------------------------------------------------------
Error occuring in PFGW at Wed May 13 13:53:55 2009
Expr = 
Failed at bit 6611 of 14999
Msg = Detected in gw_test_mismatched_sums() in gwprp.cpp (PRP Testing)
Iteration: 6611/14999 ERROR: SUM(INPUTS) != SUM(OUTPUTS),
   1.73374897762976e+016 != 1.733748977629755e+016
  (Diff=52 max allowed=46)
  (Test aborted, try again using the -a1 switch)

-----------------------------------------------------------------------
Error occuring in PFGW at Wed May 13 13:53:56 2009
Expr = 
Failed at bit 6611 of 14999
Msg = Detected in gw_test_mismatched_sums() in gwprp.cpp (PRP Testing)
Iteration: 6611/14999 ERROR: SUM(INPUTS) != SUM(OUTPUTS),
   1.73374897762976e+016 != 1.733748977629755e+016
  (Diff=52 max allowed=46)
  (Test aborted, try again using the -a1 switch)

-----------------------------------------------------------------------
Error occuring in PFGW at Wed May 13 13:53:58 2009
Expr = 
Failed at bit 6611 of 14999
Msg = Detected in gw_test_mismatched_sums() in gwprp.cpp (PRP Testing)
Iteration: 6611/14999 ERROR: SUM(INPUTS) != SUM(OUTPUTS),
   1.73374897762976e+016 != 1.733748977629755e+016
  (Diff=52 max allowed=46)
  (Test aborted, try again using the -a1 switch)

-----------------------------------------------------------------------
Error occuring in PFGW at Wed May 13 13:53:59 2009
Expr = 
Failed at bit 6611 of 14999
Msg = Detected in gw_test_mismatched_sums() in gwprp.cpp (PRP Testing)
Iteration: 6611/14999 ERROR: SUM(INPUTS) != SUM(OUTPUTS),
   1.73374897762976e+016 != 1.733748977629755e+016
  (Diff=52 max allowed=46)
  (Test aborted, try again using the -a1 switch)

-----------------------------------------------------------------------
Error occuring in PFGW at Wed May 13 13:54:35 2009
Expr = 
Failed at bit 5975 of 19999
Msg = Detected in gw_test_mismatched_sums() in gwprp.cpp (PRP Testing)
Iteration: 5975/19999 ERROR: SUM(INPUTS) != SUM(OUTPUTS),
   1.068578878422392e+016 != 1.068578878422385e+016
  (Diff=70 max allowed=69)
  (Test aborted, try again using the -a1 switch)

-----------------------------------------------------------------------
Error occuring in PFGW at Wed May 13 13:54:37 2009
Expr = 
Failed at bit 5975 of 19999
Msg = Detected in gw_test_mismatched_sums() in gwprp.cpp (PRP Testing)
Iteration: 5975/19999 ERROR: SUM(INPUTS) != SUM(OUTPUTS),
   1.068578878422392e+016 != 1.068578878422385e+016
  (Diff=70 max allowed=69)
  (Test aborted, try again using the -a1 switch)

-----------------------------------------------------------------------
Error occuring in PFGW at Wed May 13 13:54:39 2009
Expr = 
Failed at bit 5975 of 19999
Msg = Detected in gw_test_mismatched_sums() in gwprp.cpp (PRP Testing)
Iteration: 5975/19999 ERROR: SUM(INPUTS) != SUM(OUTPUTS),
   1.068578878422392e+016 != 1.068578878422385e+016
  (Diff=70 max allowed=69)
  (Test aborted, try again using the -a1 switch)

-----------------------------------------------------------------------
Error occuring in PFGW at Wed May 13 13:54:41 2009
Expr = 
Failed at bit 5975 of 19999
Msg = Detected in gw_test_mismatched_sums() in gwprp.cpp (PRP Testing)
Iteration: 5975/19999 ERROR: SUM(INPUTS) != SUM(OUTPUTS),
   1.068578878422392e+016 != 1.068578878422385e+016
  (Diff=70 max allowed=69)
  (Test aborted, try again using the -a1 switch)

-----------------------------------------------------------------------
Error occuring in PFGW at Wed May 13 13:54:43 2009
Expr = 
Failed at bit 5975 of 19999
Msg = Detected in gw_test_mismatched_sums() in gwprp.cpp (PRP Testing)
Iteration: 5975/19999 ERROR: SUM(INPUTS) != SUM(OUTPUTS),
   1.068578878422392e+016 != 1.068578878422385e+016
  (Diff=70 max allowed=69)
  (Test aborted, try again using the -a1 switch)

-----------------------------------------------------------------------
Error occuring in PFGW at Wed May 13 13:54:45 2009
Expr = 
Failed at bit 5975 of 19999
Msg = Detected in gw_test_mismatched_sums() in gwprp.cpp (PRP Testing)
Iteration: 5975/19999 ERROR: SUM(INPUTS) != SUM(OUTPUTS),
   1.068578878422392e+016 != 1.068578878422385e+016
  (Diff=70 max allowed=69)
  (Test aborted, try again using the -a1 switch)

-----------------------------------------------------------------------
Error occuring in PFGW at Wed May 13 13:54:47 2009
Expr = 
Failed at bit 5975 of 19999
Msg = Detected in gw_test_mismatched_sums() in gwprp.cpp (PRP Testing)
Iteration: 5975/19999 ERROR: SUM(INPUTS) != SUM(OUTPUTS),
   1.068578878422392e+016 != 1.068578878422385e+016
  (Diff=70 max allowed=69)
  (Test aborted, try again using the -a1 switch)

-----------------------------------------------------------------------
Error occuring in PFGW at Wed May 13 13:54:49 2009
Expr = 
Failed at bit 5975 of 19999
Msg = Detected in gw_test_mismatched_sums() in gwprp.cpp (PRP Testing)
Iteration: 5975/19999 ERROR: SUM(INPUTS) != SUM(OUTPUTS),
   1.068578878422392e+016 != 1.068578878422385e+016
  (Diff=70 max allowed=69)
  (Test aborted, try again using the -a1 switch)

-----------------------------------------------------------------------
Error occuring in PFGW at Wed May 13 13:54:50 2009
Expr = 
Failed at bit 5975 of 19999
Msg = Detected in gw_test_mismatched_sums() in gwprp.cpp (PRP Testing)
Iteration: 5975/19999 ERROR: SUM(INPUTS) != SUM(OUTPUTS),
   1.068578878422392e+016 != 1.068578878422385e+016
  (Diff=70 max allowed=69)
  (Test aborted, try again using the -a1 switch)

-----------------------------------------------------------------------
Error occuring in PFGW at Wed May 13 13:54:52 2009
Expr = 
Failed at bit 5975 of 19999
Msg = Detected in gw_test_mismatched_sums() in gwprp.cpp (PRP Testing)
Iteration: 5975/19999 ERROR: SUM(INPUTS) != SUM(OUTPUTS),
   1.068578878422392e+016 != 1.068578878422385e+016
  (Diff=70 max allowed=69)
  (Test aborted, try again using the -a1 switch)

-----------------------------------------------------------------------
Error occuring in PFGW at Wed May 13 13:54:54 2009
Expr = 
Failed at bit 5975 of 19999
Msg = Detected in gw_test_mismatched_sums() in gwprp.cpp (PRP Testing)
Iteration: 5975/19999 ERROR: SUM(INPUTS) != SUM(OUTPUTS),
   1.068578878422392e+016 != 1.068578878422385e+016
  (Diff=70 max allowed=69)
  (Test aborted, try again using the -a1 switch)

-----------------------------------------------------------------------
Error occuring in PFGW at Wed May 13 13:54:56 2009
Expr = 
Failed at bit 5975 of 19999
Msg = Detected in gw_test_mismatched_sums() in gwprp.cpp (PRP Testing)
Iteration: 5975/19999 ERROR: SUM(INPUTS) != SUM(OUTPUTS),
   1.068578878422392e+016 != 1.068578878422385e+016
  (Diff=70 max allowed=69)
  (Test aborted, try again using the -a1 switch)

-----------------------------------------------------------------------
Error occuring in PFGW at Wed May 13 13:54:58 2009
Expr = 
Failed at bit 5975 of 19999
Msg = Detected in gw_test_mismatched_sums() in gwprp.cpp (PRP Testing)
Iteration: 5975/19999 ERROR: SUM(INPUTS) != SUM(OUTPUTS),
   1.068578878422392e+016 != 1.068578878422385e+016
  (Diff=70 max allowed=69)
  (Test aborted, try again using the -a1 switch)

-----------------------------------------------------------------------
Error occuring in PFGW at Wed May 13 13:54:59 2009
Expr = 
Failed at bit 5975 of 19999
Msg = Detected in gw_test_mismatched_sums() in gwprp.cpp (PRP Testing)
Iteration: 5975/19999 ERROR: SUM(INPUTS) != SUM(OUTPUTS),
   1.068578878422392e+016 != 1.068578878422385e+016
  (Diff=70 max allowed=69)
  (Test aborted, try again using the -a1 switch)

-----------------------------------------------------------------------
Error occuring in PFGW at Wed May 13 13:55:01 2009
Expr = 
Failed at bit 5975 of 19999
Msg = Detected in gw_test_mismatched_sums() in gwprp.cpp (PRP Testing)
Iteration: 5975/19999 ERROR: SUM(INPUTS) != SUM(OUTPUTS),
   1.068578878422392e+016 != 1.068578878422385e+016
  (Diff=70 max allowed=69)
  (Test aborted, try again using the -a1 switch)

-----------------------------------------------------------------------
Error occuring in PFGW at Wed May 13 13:55:03 2009
Expr = 
Failed at bit 5975 of 19999
Msg = Detected in gw_test_mismatched_sums() in gwprp.cpp (PRP Testing)
Iteration: 5975/19999 ERROR: SUM(INPUTS) != SUM(OUTPUTS),
   1.068578878422392e+016 != 1.068578878422385e+016
  (Diff=70 max allowed=69)
  (Test aborted, try again using the -a1 switch)

-----------------------------------------------------------------------
Error occuring in PFGW at Wed May 13 13:55:05 2009
Expr = 
Failed at bit 5975 of 19999
Msg = Detected in gw_test_mismatched_sums() in gwprp.cpp (PRP Testing)
Iteration: 5975/19999 ERROR: SUM(INPUTS) != SUM(OUTPUTS),
   1.068578878422392e+016 != 1.068578878422385e+016
  (Diff=70 max allowed=69)
  (Test aborted, try again using the -a1 switch)

-----------------------------------------------------------------------
Error occuring in PFGW at Wed May 13 13:55:06 2009
Expr = 
Failed at bit 5975 of 19999
Msg = Detected in gw_test_mismatched_sums() in gwprp.cpp (PRP Testing)
Iteration: 5975/19999 ERROR: SUM(INPUTS) != SUM(OUTPUTS),
   1.068578878422392e+016 != 1.068578878422385e+016
  (Diff=70 max allowed=69)
  (Test aborted, try again using the -a1 switch)

-----------------------------------------------------------------------
Error occuring in PFGW at Wed May 13 13:55:08 2009
Expr = 
Failed at bit 5975 of 19999
Msg = Detected in gw_test_mismatched_sums() in gwprp.cpp (PRP Testing)
Iteration: 5975/19999 ERROR: SUM(INPUTS) != SUM(OUTPUTS),
   1.068578878422392e+016 != 1.068578878422385e+016
  (Diff=70 max allowed=69)
  (Test aborted, try again using the -a1 switch)

-----------------------------------------------------------------------
Error occuring in PFGW at Wed May 13 13:55:09 2009
Expr = 
Failed at bit 5975 of 19999
Msg = Detected in gw_test_mismatched_sums() in gwprp.cpp (PRP Testing)
Iteration: 5975/19999 ERROR: SUM(INPUTS) != SUM(OUTPUTS),
   1.068578878422392e+016 != 1.068578878422385e+016
  (Diff=70 max allowed=69)
  (Test aborted, try again using the -a1 switch)

-----------------------------------------------------------------------
Error occuring in PFGW at Wed May 13 13:55:10 2009
Expr = 
Failed at bit 5975 of 19999
Msg = Detected in gw_test_mismatched_sums() in gwprp.cpp (PRP Testing)
Iteration: 5975/19999 ERROR: SUM(INPUTS) != SUM(OUTPUTS),
   1.068578878422392e+016 != 1.068578878422385e+016
  (Diff=70 max allowed=69)
  (Test aborted, try again using the -a1 switch)

-----------------------------------------------------------------------
Error occuring in PFGW at Wed May 13 13:55:12 2009
Expr = 
Failed at bit 5975 of 19999
Msg = Detected in gw_test_mismatched_sums() in gwprp.cpp (PRP Testing)
Iteration: 5975/19999 ERROR: SUM(INPUTS) != SUM(OUTPUTS),
   1.068578878422392e+016 != 1.068578878422385e+016
  (Diff=70 max allowed=69)
  (Test aborted, try again using the -a1 switch)

-----------------------------------------------------------------------
Error occuring in PFGW at Wed May 13 13:55:14 2009
Expr = 
Failed at bit 5975 of 19999
Msg = Detected in gw_test_mismatched_sums() in gwprp.cpp (PRP Testing)
Iteration: 5975/19999 ERROR: SUM(INPUTS) != SUM(OUTPUTS),
   1.068578878422392e+016 != 1.068578878422385e+016
  (Diff=70 max allowed=69)
  (Test aborted, try again using the -a1 switch)

-----------------------------------------------------------------------
Error occuring in PFGW at Wed May 13 13:55:15 2009
Expr = 
Failed at bit 5975 of 19999
Msg = Detected in gw_test_mismatched_sums() in gwprp.cpp (PRP Testing)
Iteration: 5975/19999 ERROR: SUM(INPUTS) != SUM(OUTPUTS),
   1.068578878422392e+016 != 1.068578878422385e+016
  (Diff=70 max allowed=69)
  (Test aborted, try again using the -a1 switch)

-----------------------------------------------------------------------
Error occuring in PFGW at Wed May 13 13:55:17 2009
Expr = 
Failed at bit 5975 of 19999
Msg = Detected in gw_test_mismatched_sums() in gwprp.cpp (PRP Testing)
Iteration: 5975/19999 ERROR: SUM(INPUTS) != SUM(OUTPUTS),
   1.068578878422392e+016 != 1.068578878422385e+016
  (Diff=70 max allowed=69)
  (Test aborted, try again using the -a1 switch)

-----------------------------------------------------------------------
Error occuring in PFGW at Wed May 13 13:55:18 2009
Expr = 
Failed at bit 5975 of 19999
Msg = Detected in gw_test_mismatched_sums() in gwprp.cpp (PRP Testing)
Iteration: 5975/19999 ERROR: SUM(INPUTS) != SUM(OUTPUTS),
   1.068578878422392e+016 != 1.068578878422385e+016
  (Diff=70 max allowed=69)
  (Test aborted, try again using the -a1 switch)

-----------------------------------------------------------------------
Error occuring in PFGW at Wed May 13 13:55:20 2009
Expr = 
Failed at bit 5975 of 19999
Msg = Detected in gw_test_mismatched_sums() in gwprp.cpp (PRP Testing)
Iteration: 5975/19999 ERROR: SUM(INPUTS) != SUM(OUTPUTS),
   1.068578878422392e+016 != 1.068578878422385e+016
  (Diff=70 max allowed=69)
  (Test aborted, try again using the -a1 switch)

-----------------------------------------------------------------------
Error occuring in PFGW at Wed May 13 13:55:22 2009
Expr = 
Failed at bit 5975 of 19999
Msg = Detected in gw_test_mismatched_sums() in gwprp.cpp (PRP Testing)
Iteration: 5975/19999 ERROR: SUM(INPUTS) != SUM(OUTPUTS),
   1.068578878422392e+016 != 1.068578878422385e+016
  (Diff=70 max allowed=69)
  (Test aborted, try again using the -a1 switch)

-----------------------------------------------------------------------
Error occuring in PFGW at Wed May 13 13:55:23 2009
Expr = 
Failed at bit 5975 of 19999
Msg = Detected in gw_test_mismatched_sums() in gwprp.cpp (PRP Testing)
Iteration: 5975/19999 ERROR: SUM(INPUTS) != SUM(OUTPUTS),
   1.068578878422392e+016 != 1.068578878422385e+016
  (Diff=70 max allowed=69)
  (Test aborted, try again using the -a1 switch)

-----------------------------------------------------------------------
Error occuring in PFGW at Wed May 13 13:55:25 2009
Expr = 
Failed at bit 5975 of 19999
Msg = Detected in gw_test_mismatched_sums() in gwprp.cpp (PRP Testing)
Iteration: 5975/19999 ERROR: SUM(INPUTS) != SUM(OUTPUTS),
   1.068578878422392e+016 != 1.068578878422385e+016
  (Diff=70 max allowed=69)
  (Test aborted, try again using the -a1 switch)

-----------------------------------------------------------------------
Error occuring in PFGW at Wed May 13 13:55:26 2009
Expr = 
Failed at bit 5975 of 19999
Msg = Detected in gw_test_mismatched_sums() in gwprp.cpp (PRP Testing)
Iteration: 5975/19999 ERROR: SUM(INPUTS) != SUM(OUTPUTS),
   1.068578878422392e+016 != 1.068578878422385e+016
  (Diff=70 max allowed=69)
  (Test aborted, try again using the -a1 switch)

-----------------------------------------------------------------------
Error occuring in PFGW at Wed May 13 13:55:28 2009
Expr = 
Failed at bit 5975 of 19999
Msg = Detected in gw_test_mismatched_sums() in gwprp.cpp (PRP Testing)
Iteration: 5975/19999 ERROR: SUM(INPUTS) != SUM(OUTPUTS),
   1.068578878422392e+016 != 1.068578878422385e+016
  (Diff=70 max allowed=69)
  (Test aborted, try again using the -a1 switch)

-----------------------------------------------------------------------
Error occuring in PFGW at Wed May 13 13:55:30 2009
Expr = 
Failed at bit 5975 of 19999
Msg = Detected in gw_test_mismatched_sums() in gwprp.cpp (PRP Testing)
Iteration: 5975/19999 ERROR: SUM(INPUTS) != SUM(OUTPUTS),
   1.068578878422392e+016 != 1.068578878422385e+016
  (Diff=70 max allowed=69)
  (Test aborted, try again using the -a1 switch)

-----------------------------------------------------------------------
Error occuring in PFGW at Wed May 13 13:55:32 2009
Expr = 
Failed at bit 5975 of 19999
Msg = Detected in gw_test_mismatched_sums() in gwprp.cpp (PRP Testing)
Iteration: 5975/19999 ERROR: SUM(INPUTS) != SUM(OUTPUTS),
   1.068578878422392e+016 != 1.068578878422385e+016
  (Diff=70 max allowed=69)
  (Test aborted, try again using the -a1 switch)

-----------------------------------------------------------------------
Error occuring in PFGW at Wed May 13 13:55:34 2009
Expr = 
Failed at bit 5975 of 19999
Msg = Detected in gw_test_mismatched_sums() in gwprp.cpp (PRP Testing)
Iteration: 5975/19999 ERROR: SUM(INPUTS) != SUM(OUTPUTS),
   1.068578878422392e+016 != 1.068578878422385e+016
  (Diff=70 max allowed=69)
  (Test aborted, try again using the -a1 switch)

-----------------------------------------------------------------------
Error occuring in PFGW at Wed May 13 13:55:36 2009
Expr = 
Failed at bit 5975 of 19999
Msg = Detected in gw_test_mismatched_sums() in gwprp.cpp (PRP Testing)
Iteration: 5975/19999 ERROR: SUM(INPUTS) != SUM(OUTPUTS),
   1.068578878422392e+016 != 1.068578878422385e+016
  (Diff=70 max allowed=69)
  (Test aborted, try again using the -a1 switch)

-----------------------------------------------------------------------
Error occuring in PFGW at Wed May 13 13:55:38 2009
Expr = 
Failed at bit 5975 of 19999
Msg = Detected in gw_test_mismatched_sums() in gwprp.cpp (PRP Testing)
Iteration: 5975/19999 ERROR: SUM(INPUTS) != SUM(OUTPUTS),
   1.068578878422392e+016 != 1.068578878422385e+016
  (Diff=70 max allowed=69)
  (Test aborted, try again using the -a1 switch)

-----------------------------------------------------------------------
Error occuring in PFGW at Wed May 13 13:55:40 2009
Expr = 
Failed at bit 5975 of 19999
Msg = Detected in gw_test_mismatched_sums() in gwprp.cpp (PRP Testing)
Iteration: 5975/19999 ERROR: SUM(INPUTS) != SUM(OUTPUTS),
   1.068578878422392e+016 != 1.068578878422385e+016
  (Diff=70 max allowed=69)
  (Test aborted, try again using the -a1 switch)

-----------------------------------------------------------------------
Error occuring in PFGW at Wed May 13 13:55:41 2009
Expr = 
Failed at bit 5975 of 19999
Msg = Detected in gw_test_mismatched_sums() in gwprp.cpp (PRP Testing)
Iteration: 5975/19999 ERROR: SUM(INPUTS) != SUM(OUTPUTS),
   1.068578878422392e+016 != 1.068578878422385e+016
  (Diff=70 max allowed=69)
  (Test aborted, try again using the -a1 switch)

-----------------------------------------------------------------------
Error occuring in PFGW at Wed May 13 13:55:43 2009
Expr = 
Failed at bit 5975 of 19999
Msg = Detected in gw_test_mismatched_sums() in gwprp.cpp (PRP Testing)
Iteration: 5975/19999 ERROR: SUM(INPUTS) != SUM(OUTPUTS),
   1.068578878422392e+016 != 1.068578878422385e+016
  (Diff=70 max allowed=69)
  (Test aborted, try again using the -a1 switch)

-----------------------------------------------------------------------
Error occuring in PFGW at Wed May 13 13:56:48 2009
Expr = 
Failed at bit 5547 of 24999
Msg = Detected in gw_test_mismatched_sums() in gwprp.cpp (PRP Testing)
Iteration: 5547/24999 ERROR: SUM(INPUTS) != SUM(OUTPUTS),
   7201651543877025 != 7201651543877124
  (Diff=99 max allowed=93)
  (Test aborted, try again using the -a1 switch)

-----------------------------------------------------------------------
Error occuring in PFGW at Wed May 13 13:56:50 2009
Expr = 
Failed at bit 5547 of 24999
Msg = Detected in gw_test_mismatched_sums() in gwprp.cpp (PRP Testing)
Iteration: 5547/24999 ERROR: SUM(INPUTS) != SUM(OUTPUTS),
   7201651543877025 != 7201651543877124
  (Diff=99 max allowed=93)
  (Test aborted, try again using the -a1 switch)

-----------------------------------------------------------------------
Error occuring in PFGW at Wed May 13 13:56:52 2009
Expr = 
Failed at bit 5547 of 24999
Msg = Detected in gw_test_mismatched_sums() in gwprp.cpp (PRP Testing)
Iteration: 5547/24999 ERROR: SUM(INPUTS) != SUM(OUTPUTS),
   7201651543877025 != 7201651543877124
  (Diff=99 max allowed=93)
  (Test aborted, try again using the -a1 switch)

-----------------------------------------------------------------------
Error occuring in PFGW at Wed May 13 13:56:54 2009
Expr = 
Failed at bit 5547 of 24999
Msg = Detected in gw_test_mismatched_sums() in gwprp.cpp (PRP Testing)
Iteration: 5547/24999 ERROR: SUM(INPUTS) != SUM(OUTPUTS),
   7201651543877025 != 7201651543877124
  (Diff=99 max allowed=93)
  (Test aborted, try again using the -a1 switch)

-----------------------------------------------------------------------
Error occuring in PFGW at Wed May 13 13:56:56 2009
Expr = 
Failed at bit 5547 of 24999
Msg = Detected in gw_test_mismatched_sums() in gwprp.cpp (PRP Testing)
Iteration: 5547/24999 ERROR: SUM(INPUTS) != SUM(OUTPUTS),
   7201651543877025 != 7201651543877124
  (Diff=99 max allowed=93)
  (Test aborted, try again using the -a1 switch)

-----------------------------------------------------------------------
Error occuring in PFGW at Wed May 13 13:56:58 2009
Expr = 
Failed at bit 5547 of 24999
Msg = Detected in gw_test_mismatched_sums() in gwprp.cpp (PRP Testing)
Iteration: 5547/24999 ERROR: SUM(INPUTS) != SUM(OUTPUTS),
   7201651543877025 != 7201651543877124
  (Diff=99 max allowed=93)
  (Test aborted, try again using the -a1 switch)

-----------------------------------------------------------------------
Error occuring in PFGW at Wed May 13 13:57:00 2009
Expr = 
Failed at bit 5547 of 24999
Msg = Detected in gw_test_mismatched_sums() in gwprp.cpp (PRP Testing)
Iteration: 5547/24999 ERROR: SUM(INPUTS) != SUM(OUTPUTS),
   7201651543877025 != 7201651543877124
  (Diff=99 max allowed=93)
  (Test aborted, try again using the -a1 switch)

-----------------------------------------------------------------------
Error occuring in PFGW at Wed May 13 13:57:03 2009
Expr = 
Failed at bit 5547 of 24999
Msg = Detected in gw_test_mismatched_sums() in gwprp.cpp (PRP Testing)
Iteration: 5547/24999 ERROR: SUM(INPUTS) != SUM(OUTPUTS),
   7201651543877025 != 7201651543877124
  (Diff=99 max allowed=93)
  (Test aborted, try again using the -a1 switch)

-----------------------------------------------------------------------
Error occuring in PFGW at Wed May 13 13:57:06 2009
Expr = 
Failed at bit 5547 of 24999
Msg = Detected in gw_test_mismatched_sums() in gwprp.cpp (PRP Testing)
Iteration: 5547/24999 ERROR: SUM(INPUTS) != SUM(OUTPUTS),
   7201651543877025 != 7201651543877124
  (Diff=99 max allowed=93)
  (Test aborted, try again using the -a1 switch)

-----------------------------------------------------------------------
Error occuring in PFGW at Wed May 13 13:57:08 2009
Expr = 
Failed at bit 5547 of 24999
Msg = Detected in gw_test_mismatched_sums() in gwprp.cpp (PRP Testing)
Iteration: 5547/24999 ERROR: SUM(INPUTS) != SUM(OUTPUTS),
   7201651543877025 != 7201651543877124
  (Diff=99 max allowed=93)
  (Test aborted, try again using the -a1 switch)

-----------------------------------------------------------------------
Error occuring in PFGW at Wed May 13 13:57:10 2009
Expr = 
Failed at bit 5547 of 24999
Msg = Detected in gw_test_mismatched_sums() in gwprp.cpp (PRP Testing)
Iteration: 5547/24999 ERROR: SUM(INPUTS) != SUM(OUTPUTS),
   7201651543877025 != 7201651543877124
  (Diff=99 max allowed=93)
  (Test aborted, try again using the -a1 switch)

-----------------------------------------------------------------------
Error occuring in PFGW at Wed May 13 13:57:12 2009
Expr = 
Failed at bit 5547 of 24999
Msg = Detected in gw_test_mismatched_sums() in gwprp.cpp (PRP Testing)
Iteration: 5547/24999 ERROR: SUM(INPUTS) != SUM(OUTPUTS),
   7201651543877025 != 7201651543877124
  (Diff=99 max allowed=93)
  (Test aborted, try again using the -a1 switch)

-----------------------------------------------------------------------
Error occuring in PFGW at Wed May 13 13:57:15 2009
Expr = 
Failed at bit 5547 of 24999
Msg = Detected in gw_test_mismatched_sums() in gwprp.cpp (PRP Testing)
Iteration: 5547/24999 ERROR: SUM(INPUTS) != SUM(OUTPUTS),
   7201651543877025 != 7201651543877124
  (Diff=99 max allowed=93)
  (Test aborted, try again using the -a1 switch)

-----------------------------------------------------------------------
Error occuring in PFGW at Wed May 13 13:57:17 2009
Expr = 
Failed at bit 5547 of 24999
Msg = Detected in gw_test_mismatched_sums() in gwprp.cpp (PRP Testing)
Iteration: 5547/24999 ERROR: SUM(INPUTS) != SUM(OUTPUTS),
   7201651543877025 != 7201651543877124
  (Diff=99 max allowed=93)
  (Test aborted, try again using the -a1 switch)

-----------------------------------------------------------------------
Error occuring in PFGW at Wed May 13 13:57:19 2009
Expr = 
Failed at bit 5547 of 24999
Msg = Detected in gw_test_mismatched_sums() in gwprp.cpp (PRP Testing)
Iteration: 5547/24999 ERROR: SUM(INPUTS) != SUM(OUTPUTS),
   7201651543877025 != 7201651543877124
  (Diff=99 max allowed=93)
  (Test aborted, try again using the -a1 switch)

-----------------------------------------------------------------------
Error occuring in PFGW at Wed May 13 13:57:22 2009
Expr = 
Failed at bit 5547 of 24999
Msg = Detected in gw_test_mismatched_sums() in gwprp.cpp (PRP Testing)
Iteration: 5547/24999 ERROR: SUM(INPUTS) != SUM(OUTPUTS),
   7201651543877025 != 7201651543877124
  (Diff=99 max allowed=93)
  (Test aborted, try again using the -a1 switch)

-----------------------------------------------------------------------
Error occuring in PFGW at Wed May 13 13:57:24 2009
Expr = 
Failed at bit 5547 of 24999
Msg = Detected in gw_test_mismatched_sums() in gwprp.cpp (PRP Testing)
Iteration: 5547/24999 ERROR: SUM(INPUTS) != SUM(OUTPUTS),
   7201651543877025 != 7201651543877124
  (Diff=99 max allowed=93)
  (Test aborted, try again using the -a1 switch)

-----------------------------------------------------------------------
Error occuring in PFGW at Wed May 13 13:57:26 2009
Expr = 
Failed at bit 5547 of 24999
Msg = Detected in gw_test_mismatched_sums() in gwprp.cpp (PRP Testing)
Iteration: 5547/24999 ERROR: SUM(INPUTS) != SUM(OUTPUTS),
   7201651543877025 != 7201651543877124
  (Diff=99 max allowed=93)
  (Test aborted, try again using the -a1 switch)

-----------------------------------------------------------------------
Error occuring in PFGW at Wed May 13 13:57:28 2009
Expr = 
Failed at bit 5547 of 24999
Msg = Detected in gw_test_mismatched_sums() in gwprp.cpp (PRP Testing)
Iteration: 5547/24999 ERROR: SUM(INPUTS) != SUM(OUTPUTS),
   7201651543877025 != 7201651543877124
  (Diff=99 max allowed=93)
  (Test aborted, try again using the -a1 switch)

-----------------------------------------------------------------------
Error occuring in PFGW at Wed May 13 13:57:30 2009
Expr = 
Failed at bit 5547 of 24999
Msg = Detected in gw_test_mismatched_sums() in gwprp.cpp (PRP Testing)
Iteration: 5547/24999 ERROR: SUM(INPUTS) != SUM(OUTPUTS),
   7201651543877025 != 7201651543877124
  (Diff=99 max allowed=93)
  (Test aborted, try again using the -a1 switch)

-----------------------------------------------------------------------
Error occuring in PFGW at Wed May 13 13:57:33 2009
Expr = 
Failed at bit 5547 of 24999
Msg = Detected in gw_test_mismatched_sums() in gwprp.cpp (PRP Testing)
Iteration: 5547/24999 ERROR: SUM(INPUTS) != SUM(OUTPUTS),
   7201651543877025 != 7201651543877124
  (Diff=99 max allowed=93)
  (Test aborted, try again using the -a1 switch)

-----------------------------------------------------------------------
Error occuring in PFGW at Wed May 13 13:57:35 2009
Expr = 
Failed at bit 5547 of 24999
Msg = Detected in gw_test_mismatched_sums() in gwprp.cpp (PRP Testing)
Iteration: 5547/24999 ERROR: SUM(INPUTS) != SUM(OUTPUTS),
   7201651543877025 != 7201651543877124
  (Diff=99 max allowed=93)
  (Test aborted, try again using the -a1 switch)

-----------------------------------------------------------------------
Error occuring in PFGW at Wed May 13 13:57:37 2009
Expr = 
Failed at bit 5547 of 24999
Msg = Detected in gw_test_mismatched_sums() in gwprp.cpp (PRP Testing)
Iteration: 5547/24999 ERROR: SUM(INPUTS) != SUM(OUTPUTS),
   7201651543877025 != 7201651543877124
  (Diff=99 max allowed=93)
  (Test aborted, try again using the -a1 switch)

-----------------------------------------------------------------------
Error occuring in PFGW at Wed May 13 13:57:39 2009
Expr = 
Failed at bit 5547 of 24999
Msg = Detected in gw_test_mismatched_sums() in gwprp.cpp (PRP Testing)
Iteration: 5547/24999 ERROR: SUM(INPUTS) != SUM(OUTPUTS),
   7201651543877025 != 7201651543877124
  (Diff=99 max allowed=93)
  (Test aborted, try again using the -a1 switch)

-----------------------------------------------------------------------
Error occuring in PFGW at Wed May 13 13:57:42 2009
Expr = 
Failed at bit 5547 of 24999
Msg = Detected in gw_test_mismatched_sums() in gwprp.cpp (PRP Testing)
Iteration: 5547/24999 ERROR: SUM(INPUTS) != SUM(OUTPUTS),
   7201651543877025 != 7201651543877124
  (Diff=99 max allowed=93)
  (Test aborted, try again using the -a1 switch)

-----------------------------------------------------------------------
Error occuring in PFGW at Wed May 13 13:57:44 2009
Expr = 
Failed at bit 5547 of 24999
Msg = Detected in gw_test_mismatched_sums() in gwprp.cpp (PRP Testing)
Iteration: 5547/24999 ERROR: SUM(INPUTS) != SUM(OUTPUTS),
   7201651543877025 != 7201651543877124
  (Diff=99 max allowed=93)
  (Test aborted, try again using the -a1 switch)

-----------------------------------------------------------------------
Error occuring in PFGW at Wed May 13 13:57:46 2009
Expr = 
Failed at bit 5547 of 24999
Msg = Detected in gw_test_mismatched_sums() in gwprp.cpp (PRP Testing)
Iteration: 5547/24999 ERROR: SUM(INPUTS) != SUM(OUTPUTS),
   7201651543877025 != 7201651543877124
  (Diff=99 max allowed=93)
  (Test aborted, try again using the -a1 switch)

-----------------------------------------------------------------------
Error occuring in PFGW at Wed May 13 13:57:48 2009
Expr = 
Failed at bit 5547 of 24999
Msg = Detected in gw_test_mismatched_sums() in gwprp.cpp (PRP Testing)
Iteration: 5547/24999 ERROR: SUM(INPUTS) != SUM(OUTPUTS),
   7201651543877025 != 7201651543877124
  (Diff=99 max allowed=93)
  (Test aborted, try again using the -a1 switch)

-----------------------------------------------------------------------
Error occuring in PFGW at Wed May 13 13:57:50 2009
Expr = 
Failed at bit 5547 of 24999
Msg = Detected in gw_test_mismatched_sums() in gwprp.cpp (PRP Testing)
Iteration: 5547/24999 ERROR: SUM(INPUTS) != SUM(OUTPUTS),
   7201651543877025 != 7201651543877124
  (Diff=99 max allowed=93)
  (Test aborted, try again using the -a1 switch)

-----------------------------------------------------------------------
Error occuring in PFGW at Wed May 13 13:57:52 2009
Expr = 
Failed at bit 5547 of 24999
Msg = Detected in gw_test_mismatched_sums() in gwprp.cpp (PRP Testing)
Iteration: 5547/24999 ERROR: SUM(INPUTS) != SUM(OUTPUTS),
   7201651543877025 != 7201651543877124
  (Diff=99 max allowed=93)
  (Test aborted, try again using the -a1 switch)

-----------------------------------------------------------------------
Error occuring in PFGW at Wed May 13 13:57:55 2009
Expr = 
Failed at bit 5547 of 24999
Msg = Detected in gw_test_mismatched_sums() in gwprp.cpp (PRP Testing)
Iteration: 5547/24999 ERROR: SUM(INPUTS) != SUM(OUTPUTS),
   7201651543877025 != 7201651543877124
  (Diff=99 max allowed=93)
  (Test aborted, try again using the -a1 switch)

-----------------------------------------------------------------------
Error occuring in PFGW at Wed May 13 13:57:57 2009
Expr = 
Failed at bit 5547 of 24999
Msg = Detected in gw_test_mismatched_sums() in gwprp.cpp (PRP Testing)
Iteration: 5547/24999 ERROR: SUM(INPUTS) != SUM(OUTPUTS),
   7201651543877025 != 7201651543877124
  (Diff=99 max allowed=93)
  (Test aborted, try again using the -a1 switch)

-----------------------------------------------------------------------
Error occuring in PFGW at Wed May 13 13:57:59 2009
Expr = 
Failed at bit 5547 of 24999
Msg = Detected in gw_test_mismatched_sums() in gwprp.cpp (PRP Testing)
Iteration: 5547/24999 ERROR: SUM(INPUTS) != SUM(OUTPUTS),
   7201651543877025 != 7201651543877124
  (Diff=99 max allowed=93)
  (Test aborted, try again using the -a1 switch)

-----------------------------------------------------------------------
Error occuring in PFGW at Wed May 13 13:58:01 2009
Expr = 
Failed at bit 5547 of 24999
Msg = Detected in gw_test_mismatched_sums() in gwprp.cpp (PRP Testing)
Iteration: 5547/24999 ERROR: SUM(INPUTS) != SUM(OUTPUTS),
   7201651543877025 != 7201651543877124
  (Diff=99 max allowed=93)
  (Test aborted, try again using the -a1 switch)

-----------------------------------------------------------------------
Error occuring in PFGW at Wed May 13 13:58:03 2009
Expr = 
Failed at bit 5547 of 24999
Msg = Detected in gw_test_mismatched_sums() in gwprp.cpp (PRP Testing)
Iteration: 5547/24999 ERROR: SUM(INPUTS) != SUM(OUTPUTS),
   7201651543877025 != 7201651543877124
  (Diff=99 max allowed=93)
  (Test aborted, try again using the -a1 switch)

-----------------------------------------------------------------------
Error occuring in PFGW at Wed May 13 13:58:06 2009
Expr = 
Failed at bit 5547 of 24999
Msg = Detected in gw_test_mismatched_sums() in gwprp.cpp (PRP Testing)
Iteration: 5547/24999 ERROR: SUM(INPUTS) != SUM(OUTPUTS),
   7201651543877025 != 7201651543877124
  (Diff=99 max allowed=93)
  (Test aborted, try again using the -a1 switch)

-----------------------------------------------------------------------
Error occuring in PFGW at Wed May 13 13:58:08 2009
Expr = 
Failed at bit 5547 of 24999
Msg = Detected in gw_test_mismatched_sums() in gwprp.cpp (PRP Testing)
Iteration: 5547/24999 ERROR: SUM(INPUTS) != SUM(OUTPUTS),
   7201651543877025 != 7201651543877124
  (Diff=99 max allowed=93)
  (Test aborted, try again using the -a1 switch)

-----------------------------------------------------------------------
Error occuring in PFGW at Wed May 13 13:58:11 2009
Expr = 
Failed at bit 5547 of 24999
Msg = Detected in gw_test_mismatched_sums() in gwprp.cpp (PRP Testing)
Iteration: 5547/24999 ERROR: SUM(INPUTS) != SUM(OUTPUTS),
   7201651543877025 != 7201651543877124
  (Diff=99 max allowed=93)
  (Test aborted, try again using the -a1 switch)

-----------------------------------------------------------------------
Error occuring in PFGW at Wed May 13 13:58:13 2009
Expr = 
Failed at bit 5547 of 24999
Msg = Detected in gw_test_mismatched_sums() in gwprp.cpp (PRP Testing)
Iteration: 5547/24999 ERROR: SUM(INPUTS) != SUM(OUTPUTS),
   7201651543877025 != 7201651543877124
  (Diff=99 max allowed=93)
  (Test aborted, try again using the -a1 switch)

-----------------------------------------------------------------------
Error occuring in PFGW at Wed May 13 13:58:16 2009
Expr = 
Failed at bit 5547 of 24999
Msg = Detected in gw_test_mismatched_sums() in gwprp.cpp (PRP Testing)
Iteration: 5547/24999 ERROR: SUM(INPUTS) != SUM(OUTPUTS),
   7201651543877025 != 7201651543877124
  (Diff=99 max allowed=93)
  (Test aborted, try again using the -a1 switch)

-----------------------------------------------------------------------
Error occuring in PFGW at Mon May 18 00:26:22 2009
Expr = (2^95369+1)/3
Failed at bit 1 of 1
Msg = Detected MAXERR>0.4 (round off check) in exponentiator.cpp (Testing) 
Error, roundoff was (0.5)  near Iteration 1/1

-----------------------------------------------------------------------
Error occuring in PFGW at Mon May 18 09:41:47 2009
Expr = (2^95369+1)/3
Failed at bit 1 of 1
Msg = Detected MAXERR>0.4 (round off check) in exponentiator.cpp (Testing) 
Error, roundoff was (0.5)  near Iteration 1/1

