-----------------------------------------------------------------------
Error occuring in PFGW at Wed May 13 13:36:47 2009
Expr = 
Failed at bit 7792 of 9999
Msg = Detected in gw_test_mismatched_sums() in gwprp.cpp (PRP Testing)
Iteration: 7792/9999 ERROR: SUM(INPUTS) != SUM(OUTPUTS),
   2.06250237929942e+016 != 2.062502379299417e+016
  (Diff=32 max allowed=26)
  (Test aborted, try again using the -a1 switch)

-----------------------------------------------------------------------
Error occuring in PFGW at Wed May 13 13:36:48 2009
Expr = 
Failed at bit 7792 of 9999
Msg = Detected in gw_test_mismatched_sums() in gwprp.cpp (PRP Testing)
Iteration: 7792/9999 ERROR: SUM(INPUTS) != SUM(OUTPUTS),
   2.06250237929942e+016 != 2.062502379299417e+016
  (Diff=32 max allowed=26)
  (Test aborted, try again using the -a1 switch)

-----------------------------------------------------------------------
Error occuring in PFGW at Wed May 13 13:36:49 2009
Expr = 
Failed at bit 7792 of 9999
Msg = Detected in gw_test_mismatched_sums() in gwprp.cpp (PRP Testing)
Iteration: 7792/9999 ERROR: SUM(INPUTS) != SUM(OUTPUTS),
   2.06250237929942e+016 != 2.062502379299417e+016
  (Diff=32 max allowed=26)
  (Test aborted, try again using the -a1 switch)

-----------------------------------------------------------------------
Error occuring in PFGW at Wed May 13 13:36:50 2009
Expr = 
Failed at bit 7792 of 9999
Msg = Detected in gw_test_mismatched_sums() in gwprp.cpp (PRP Testing)
Iteration: 7792/9999 ERROR: SUM(INPUTS) != SUM(OUTPUTS),
   2.06250237929942e+016 != 2.062502379299417e+016
  (Diff=32 max allowed=26)
  (Test aborted, try again using the -a1 switch)

-----------------------------------------------------------------------
Error occuring in PFGW at Wed May 13 13:36:51 2009
Expr = 
Failed at bit 7792 of 9999
Msg = Detected in gw_test_mismatched_sums() in gwprp.cpp (PRP Testing)
Iteration: 7792/9999 ERROR: SUM(INPUTS) != SUM(OUTPUTS),
   2.06250237929942e+016 != 2.062502379299417e+016
  (Diff=32 max allowed=26)
  (Test aborted, try again using the -a1 switch)

-----------------------------------------------------------------------
Error occuring in PFGW at Wed May 13 13:36:52 2009
Expr = 
Failed at bit 7792 of 9999
Msg = Detected in gw_test_mismatched_sums() in gwprp.cpp (PRP Testing)
Iteration: 7792/9999 ERROR: SUM(INPUTS) != SUM(OUTPUTS),
   2.06250237929942e+016 != 2.062502379299417e+016
  (Diff=32 max allowed=26)
  (Test aborted, try again using the -a1 switch)

-----------------------------------------------------------------------
Error occuring in PFGW at Wed May 13 13:36:53 2009
Expr = 
Failed at bit 7792 of 9999
Msg = Detected in gw_test_mismatched_sums() in gwprp.cpp (PRP Testing)
Iteration: 7792/9999 ERROR: SUM(INPUTS) != SUM(OUTPUTS),
   2.06250237929942e+016 != 2.062502379299417e+016
  (Diff=32 max allowed=26)
  (Test aborted, try again using the -a1 switch)

-----------------------------------------------------------------------
Error occuring in PFGW at Wed May 13 13:36:54 2009
Expr = 
Failed at bit 7792 of 9999
Msg = Detected in gw_test_mismatched_sums() in gwprp.cpp (PRP Testing)
Iteration: 7792/9999 ERROR: SUM(INPUTS) != SUM(OUTPUTS),
   2.06250237929942e+016 != 2.062502379299417e+016
  (Diff=32 max allowed=26)
  (Test aborted, try again using the -a1 switch)

-----------------------------------------------------------------------
Error occuring in PFGW at Wed May 13 13:36:55 2009
Expr = 
Failed at bit 7792 of 9999
Msg = Detected in gw_test_mismatched_sums() in gwprp.cpp (PRP Testing)
Iteration: 7792/9999 ERROR: SUM(INPUTS) != SUM(OUTPUTS),
   2.06250237929942e+016 != 2.062502379299417e+016
  (Diff=32 max allowed=26)
  (Test aborted, try again using the -a1 switch)

-----------------------------------------------------------------------
Error occuring in PFGW at Wed May 13 13:36:56 2009
Expr = 
Failed at bit 7792 of 9999
Msg = Detected in gw_test_mismatched_sums() in gwprp.cpp (PRP Testing)
Iteration: 7792/9999 ERROR: SUM(INPUTS) != SUM(OUTPUTS),
   2.06250237929942e+016 != 2.062502379299417e+016
  (Diff=32 max allowed=26)
  (Test aborted, try again using the -a1 switch)

-----------------------------------------------------------------------
Error occuring in PFGW at Wed May 13 13:36:57 2009
Expr = 
Failed at bit 7792 of 9999
Msg = Detected in gw_test_mismatched_sums() in gwprp.cpp (PRP Testing)
Iteration: 7792/9999 ERROR: SUM(INPUTS) != SUM(OUTPUTS),
   2.06250237929942e+016 != 2.062502379299417e+016
  (Diff=32 max allowed=26)
  (Test aborted, try again using the -a1 switch)

-----------------------------------------------------------------------
Error occuring in PFGW at Wed May 13 13:36:58 2009
Expr = 
Failed at bit 7792 of 9999
Msg = Detected in gw_test_mismatched_sums() in gwprp.cpp (PRP Testing)
Iteration: 7792/9999 ERROR: SUM(INPUTS) != SUM(OUTPUTS),
   2.06250237929942e+016 != 2.062502379299417e+016
  (Diff=32 max allowed=26)
  (Test aborted, try again using the -a1 switch)

-----------------------------------------------------------------------
Error occuring in PFGW at Wed May 13 13:36:59 2009
Expr = 
Failed at bit 7792 of 9999
Msg = Detected in gw_test_mismatched_sums() in gwprp.cpp (PRP Testing)
Iteration: 7792/9999 ERROR: SUM(INPUTS) != SUM(OUTPUTS),
   2.06250237929942e+016 != 2.062502379299417e+016
  (Diff=32 max allowed=26)
  (Test aborted, try again using the -a1 switch)

-----------------------------------------------------------------------
Error occuring in PFGW at Wed May 13 13:37:00 2009
Expr = 
Failed at bit 7792 of 9999
Msg = Detected in gw_test_mismatched_sums() in gwprp.cpp (PRP Testing)
Iteration: 7792/9999 ERROR: SUM(INPUTS) != SUM(OUTPUTS),
   2.06250237929942e+016 != 2.062502379299417e+016
  (Diff=32 max allowed=26)
  (Test aborted, try again using the -a1 switch)

-----------------------------------------------------------------------
Error occuring in PFGW at Wed May 13 13:37:01 2009
Expr = 
Failed at bit 7792 of 9999
Msg = Detected in gw_test_mismatched_sums() in gwprp.cpp (PRP Testing)
Iteration: 7792/9999 ERROR: SUM(INPUTS) != SUM(OUTPUTS),
   2.06250237929942e+016 != 2.062502379299417e+016
  (Diff=32 max allowed=26)
  (Test aborted, try again using the -a1 switch)

-----------------------------------------------------------------------
Error occuring in PFGW at Wed May 13 13:37:02 2009
Expr = 
Failed at bit 7792 of 9999
Msg = Detected in gw_test_mismatched_sums() in gwprp.cpp (PRP Testing)
Iteration: 7792/9999 ERROR: SUM(INPUTS) != SUM(OUTPUTS),
   2.06250237929942e+016 != 2.062502379299417e+016
  (Diff=32 max allowed=26)
  (Test aborted, try again using the -a1 switch)

-----------------------------------------------------------------------
Error occuring in PFGW at Wed May 13 13:37:03 2009
Expr = 
Failed at bit 7792 of 9999
Msg = Detected in gw_test_mismatched_sums() in gwprp.cpp (PRP Testing)
Iteration: 7792/9999 ERROR: SUM(INPUTS) != SUM(OUTPUTS),
   2.06250237929942e+016 != 2.062502379299417e+016
  (Diff=32 max allowed=26)
  (Test aborted, try again using the -a1 switch)

-----------------------------------------------------------------------
Error occuring in PFGW at Wed May 13 13:37:04 2009
Expr = 
Failed at bit 7792 of 9999
Msg = Detected in gw_test_mismatched_sums() in gwprp.cpp (PRP Testing)
Iteration: 7792/9999 ERROR: SUM(INPUTS) != SUM(OUTPUTS),
   2.06250237929942e+016 != 2.062502379299417e+016
  (Diff=32 max allowed=26)
  (Test aborted, try again using the -a1 switch)

-----------------------------------------------------------------------
Error occuring in PFGW at Wed May 13 13:37:05 2009
Expr = 
Failed at bit 7792 of 9999
Msg = Detected in gw_test_mismatched_sums() in gwprp.cpp (PRP Testing)
Iteration: 7792/9999 ERROR: SUM(INPUTS) != SUM(OUTPUTS),
   2.06250237929942e+016 != 2.062502379299417e+016
  (Diff=32 max allowed=26)
  (Test aborted, try again using the -a1 switch)

-----------------------------------------------------------------------
Error occuring in PFGW at Wed May 13 13:37:06 2009
Expr = 
Failed at bit 7792 of 9999
Msg = Detected in gw_test_mismatched_sums() in gwprp.cpp (PRP Testing)
Iteration: 7792/9999 ERROR: SUM(INPUTS) != SUM(OUTPUTS),
   2.06250237929942e+016 != 2.062502379299417e+016
  (Diff=32 max allowed=26)
  (Test aborted, try again using the -a1 switch)

-----------------------------------------------------------------------
Error occuring in PFGW at Wed May 13 13:37:07 2009
Expr = 
Failed at bit 7792 of 9999
Msg = Detected in gw_test_mismatched_sums() in gwprp.cpp (PRP Testing)
Iteration: 7792/9999 ERROR: SUM(INPUTS) != SUM(OUTPUTS),
   2.06250237929942e+016 != 2.062502379299417e+016
  (Diff=32 max allowed=26)
  (Test aborted, try again using the -a1 switch)

-----------------------------------------------------------------------
Error occuring in PFGW at Wed May 13 13:37:08 2009
Expr = 
Failed at bit 7792 of 9999
Msg = Detected in gw_test_mismatched_sums() in gwprp.cpp (PRP Testing)
Iteration: 7792/9999 ERROR: SUM(INPUTS) != SUM(OUTPUTS),
   2.06250237929942e+016 != 2.062502379299417e+016
  (Diff=32 max allowed=26)
  (Test aborted, try again using the -a1 switch)

-----------------------------------------------------------------------
Error occuring in PFGW at Wed May 13 13:37:10 2009
Expr = 
Failed at bit 7792 of 9999
Msg = Detected in gw_test_mismatched_sums() in gwprp.cpp (PRP Testing)
Iteration: 7792/9999 ERROR: SUM(INPUTS) != SUM(OUTPUTS),
   2.06250237929942e+016 != 2.062502379299417e+016
  (Diff=32 max allowed=26)
  (Test aborted, try again using the -a1 switch)

-----------------------------------------------------------------------
Error occuring in PFGW at Wed May 13 13:37:11 2009
Expr = 
Failed at bit 7792 of 9999
Msg = Detected in gw_test_mismatched_sums() in gwprp.cpp (PRP Testing)
Iteration: 7792/9999 ERROR: SUM(INPUTS) != SUM(OUTPUTS),
   2.06250237929942e+016 != 2.062502379299417e+016
  (Diff=32 max allowed=26)
  (Test aborted, try again using the -a1 switch)

-----------------------------------------------------------------------
Error occuring in PFGW at Wed May 13 13:37:12 2009
Expr = 
Failed at bit 7792 of 9999
Msg = Detected in gw_test_mismatched_sums() in gwprp.cpp (PRP Testing)
Iteration: 7792/9999 ERROR: SUM(INPUTS) != SUM(OUTPUTS),
   2.06250237929942e+016 != 2.062502379299417e+016
  (Diff=32 max allowed=26)
  (Test aborted, try again using the -a1 switch)

-----------------------------------------------------------------------
Error occuring in PFGW at Wed May 13 13:37:13 2009
Expr = 
Failed at bit 7792 of 9999
Msg = Detected in gw_test_mismatched_sums() in gwprp.cpp (PRP Testing)
Iteration: 7792/9999 ERROR: SUM(INPUTS) != SUM(OUTPUTS),
   2.06250237929942e+016 != 2.062502379299417e+016
  (Diff=32 max allowed=26)
  (Test aborted, try again using the -a1 switch)

-----------------------------------------------------------------------
Error occuring in PFGW at Wed May 13 13:37:13 2009
Expr = 
Failed at bit 7792 of 9999
Msg = Detected in gw_test_mismatched_sums() in gwprp.cpp (PRP Testing)
Iteration: 7792/9999 ERROR: SUM(INPUTS) != SUM(OUTPUTS),
   2.06250237929942e+016 != 2.062502379299417e+016
  (Diff=32 max allowed=26)
  (Test aborted, try again using the -a1 switch)

-----------------------------------------------------------------------
Error occuring in PFGW at Wed May 13 13:37:14 2009
Expr = 
Failed at bit 7792 of 9999
Msg = Detected in gw_test_mismatched_sums() in gwprp.cpp (PRP Testing)
Iteration: 7792/9999 ERROR: SUM(INPUTS) != SUM(OUTPUTS),
   2.06250237929942e+016 != 2.062502379299417e+016
  (Diff=32 max allowed=26)
  (Test aborted, try again using the -a1 switch)

-----------------------------------------------------------------------
Error occuring in PFGW at Wed May 13 13:37:15 2009
Expr = 
Failed at bit 7792 of 9999
Msg = Detected in gw_test_mismatched_sums() in gwprp.cpp (PRP Testing)
Iteration: 7792/9999 ERROR: SUM(INPUTS) != SUM(OUTPUTS),
   2.06250237929942e+016 != 2.062502379299417e+016
  (Diff=32 max allowed=26)
  (Test aborted, try again using the -a1 switch)

-----------------------------------------------------------------------
Error occuring in PFGW at Wed May 13 13:37:16 2009
Expr = 
Failed at bit 7792 of 9999
Msg = Detected in gw_test_mismatched_sums() in gwprp.cpp (PRP Testing)
Iteration: 7792/9999 ERROR: SUM(INPUTS) != SUM(OUTPUTS),
   2.06250237929942e+016 != 2.062502379299417e+016
  (Diff=32 max allowed=26)
  (Test aborted, try again using the -a1 switch)

-----------------------------------------------------------------------
Error occuring in PFGW at Wed May 13 13:37:17 2009
Expr = 
Failed at bit 7792 of 9999
Msg = Detected in gw_test_mismatched_sums() in gwprp.cpp (PRP Testing)
Iteration: 7792/9999 ERROR: SUM(INPUTS) != SUM(OUTPUTS),
   2.06250237929942e+016 != 2.062502379299417e+016
  (Diff=32 max allowed=26)
  (Test aborted, try again using the -a1 switch)

-----------------------------------------------------------------------
Error occuring in PFGW at Wed May 13 13:37:18 2009
Expr = 
Failed at bit 7792 of 9999
Msg = Detected in gw_test_mismatched_sums() in gwprp.cpp (PRP Testing)
Iteration: 7792/9999 ERROR: SUM(INPUTS) != SUM(OUTPUTS),
   2.06250237929942e+016 != 2.062502379299417e+016
  (Diff=32 max allowed=26)
  (Test aborted, try again using the -a1 switch)

-----------------------------------------------------------------------
Error occuring in PFGW at Wed May 13 13:37:19 2009
Expr = 
Failed at bit 7792 of 9999
Msg = Detected in gw_test_mismatched_sums() in gwprp.cpp (PRP Testing)
Iteration: 7792/9999 ERROR: SUM(INPUTS) != SUM(OUTPUTS),
   2.06250237929942e+016 != 2.062502379299417e+016
  (Diff=32 max allowed=26)
  (Test aborted, try again using the -a1 switch)

-----------------------------------------------------------------------
Error occuring in PFGW at Wed May 13 13:37:20 2009
Expr = 
Failed at bit 7792 of 9999
Msg = Detected in gw_test_mismatched_sums() in gwprp.cpp (PRP Testing)
Iteration: 7792/9999 ERROR: SUM(INPUTS) != SUM(OUTPUTS),
   2.06250237929942e+016 != 2.062502379299417e+016
  (Diff=32 max allowed=26)
  (Test aborted, try again using the -a1 switch)

-----------------------------------------------------------------------
Error occuring in PFGW at Wed May 13 13:37:21 2009
Expr = 
Failed at bit 7792 of 9999
Msg = Detected in gw_test_mismatched_sums() in gwprp.cpp (PRP Testing)
Iteration: 7792/9999 ERROR: SUM(INPUTS) != SUM(OUTPUTS),
   2.06250237929942e+016 != 2.062502379299417e+016
  (Diff=32 max allowed=26)
  (Test aborted, try again using the -a1 switch)

-----------------------------------------------------------------------
Error occuring in PFGW at Wed May 13 13:37:22 2009
Expr = 
Failed at bit 7792 of 9999
Msg = Detected in gw_test_mismatched_sums() in gwprp.cpp (PRP Testing)
Iteration: 7792/9999 ERROR: SUM(INPUTS) != SUM(OUTPUTS),
   2.06250237929942e+016 != 2.062502379299417e+016
  (Diff=32 max allowed=26)
  (Test aborted, try again using the -a1 switch)

-----------------------------------------------------------------------
Error occuring in PFGW at Wed May 13 13:37:23 2009
Expr = 
Failed at bit 7792 of 9999
Msg = Detected in gw_test_mismatched_sums() in gwprp.cpp (PRP Testing)
Iteration: 7792/9999 ERROR: SUM(INPUTS) != SUM(OUTPUTS),
   2.06250237929942e+016 != 2.062502379299417e+016
  (Diff=32 max allowed=26)
  (Test aborted, try again using the -a1 switch)

-----------------------------------------------------------------------
Error occuring in PFGW at Wed May 13 13:37:24 2009
Expr = 
Failed at bit 7792 of 9999
Msg = Detected in gw_test_mismatched_sums() in gwprp.cpp (PRP Testing)
Iteration: 7792/9999 ERROR: SUM(INPUTS) != SUM(OUTPUTS),
   2.06250237929942e+016 != 2.062502379299417e+016
  (Diff=32 max allowed=26)
  (Test aborted, try again using the -a1 switch)

-----------------------------------------------------------------------
Error occuring in PFGW at Wed May 13 13:37:25 2009
Expr = 
Failed at bit 7792 of 9999
Msg = Detected in gw_test_mismatched_sums() in gwprp.cpp (PRP Testing)
Iteration: 7792/9999 ERROR: SUM(INPUTS) != SUM(OUTPUTS),
   2.06250237929942e+016 != 2.062502379299417e+016
  (Diff=32 max allowed=26)
  (Test aborted, try again using the -a1 switch)

-----------------------------------------------------------------------
Error occuring in PFGW at Wed May 13 13:37:26 2009
Expr = 
Failed at bit 7792 of 9999
Msg = Detected in gw_test_mismatched_sums() in gwprp.cpp (PRP Testing)
Iteration: 7792/9999 ERROR: SUM(INPUTS) != SUM(OUTPUTS),
   2.06250237929942e+016 != 2.062502379299417e+016
  (Diff=32 max allowed=26)
  (Test aborted, try again using the -a1 switch)

-----------------------------------------------------------------------
Error occuring in PFGW at Wed May 13 13:37:46 2009
Expr = 
Failed at bit 6611 of 14999
Msg = Detected in gw_test_mismatched_sums() in gwprp.cpp (PRP Testing)
Iteration: 6611/14999 ERROR: SUM(INPUTS) != SUM(OUTPUTS),
   1.73374897762976e+016 != 1.733748977629755e+016
  (Diff=52 max allowed=46)
  (Test aborted, try again using the -a1 switch)

-----------------------------------------------------------------------
Error occuring in PFGW at Wed May 13 13:37:47 2009
Expr = 
Failed at bit 6611 of 14999
Msg = Detected in gw_test_mismatched_sums() in gwprp.cpp (PRP Testing)
Iteration: 6611/14999 ERROR: SUM(INPUTS) != SUM(OUTPUTS),
   1.73374897762976e+016 != 1.733748977629755e+016
  (Diff=52 max allowed=46)
  (Test aborted, try again using the -a1 switch)

-----------------------------------------------------------------------
Error occuring in PFGW at Wed May 13 13:37:49 2009
Expr = 
Failed at bit 6611 of 14999
Msg = Detected in gw_test_mismatched_sums() in gwprp.cpp (PRP Testing)
Iteration: 6611/14999 ERROR: SUM(INPUTS) != SUM(OUTPUTS),
   1.73374897762976e+016 != 1.733748977629755e+016
  (Diff=52 max allowed=46)
  (Test aborted, try again using the -a1 switch)

-----------------------------------------------------------------------
Error occuring in PFGW at Wed May 13 13:37:50 2009
Expr = 
Failed at bit 6611 of 14999
Msg = Detected in gw_test_mismatched_sums() in gwprp.cpp (PRP Testing)
Iteration: 6611/14999 ERROR: SUM(INPUTS) != SUM(OUTPUTS),
   1.73374897762976e+016 != 1.733748977629755e+016
  (Diff=52 max allowed=46)
  (Test aborted, try again using the -a1 switch)

-----------------------------------------------------------------------
Error occuring in PFGW at Wed May 13 13:37:52 2009
Expr = 
Failed at bit 6611 of 14999
Msg = Detected in gw_test_mismatched_sums() in gwprp.cpp (PRP Testing)
Iteration: 6611/14999 ERROR: SUM(INPUTS) != SUM(OUTPUTS),
   1.73374897762976e+016 != 1.733748977629755e+016
  (Diff=52 max allowed=46)
  (Test aborted, try again using the -a1 switch)

-----------------------------------------------------------------------
Error occuring in PFGW at Wed May 13 13:37:53 2009
Expr = 
Failed at bit 6611 of 14999
Msg = Detected in gw_test_mismatched_sums() in gwprp.cpp (PRP Testing)
Iteration: 6611/14999 ERROR: SUM(INPUTS) != SUM(OUTPUTS),
   1.73374897762976e+016 != 1.733748977629755e+016
  (Diff=52 max allowed=46)
  (Test aborted, try again using the -a1 switch)

-----------------------------------------------------------------------
Error occuring in PFGW at Wed May 13 13:37:54 2009
Expr = 
Failed at bit 6611 of 14999
Msg = Detected in gw_test_mismatched_sums() in gwprp.cpp (PRP Testing)
Iteration: 6611/14999 ERROR: SUM(INPUTS) != SUM(OUTPUTS),
   1.73374897762976e+016 != 1.733748977629755e+016
  (Diff=52 max allowed=46)
  (Test aborted, try again using the -a1 switch)

-----------------------------------------------------------------------
Error occuring in PFGW at Wed May 13 13:37:56 2009
Expr = 
Failed at bit 6611 of 14999
Msg = Detected in gw_test_mismatched_sums() in gwprp.cpp (PRP Testing)
Iteration: 6611/14999 ERROR: SUM(INPUTS) != SUM(OUTPUTS),
   1.73374897762976e+016 != 1.733748977629755e+016
  (Diff=52 max allowed=46)
  (Test aborted, try again using the -a1 switch)

-----------------------------------------------------------------------
Error occuring in PFGW at Wed May 13 13:37:57 2009
Expr = 
Failed at bit 6611 of 14999
Msg = Detected in gw_test_mismatched_sums() in gwprp.cpp (PRP Testing)
Iteration: 6611/14999 ERROR: SUM(INPUTS) != SUM(OUTPUTS),
   1.73374897762976e+016 != 1.733748977629755e+016
  (Diff=52 max allowed=46)
  (Test aborted, try again using the -a1 switch)

-----------------------------------------------------------------------
Error occuring in PFGW at Wed May 13 13:37:59 2009
Expr = 
Failed at bit 6611 of 14999
Msg = Detected in gw_test_mismatched_sums() in gwprp.cpp (PRP Testing)
Iteration: 6611/14999 ERROR: SUM(INPUTS) != SUM(OUTPUTS),
   1.73374897762976e+016 != 1.733748977629755e+016
  (Diff=52 max allowed=46)
  (Test aborted, try again using the -a1 switch)

-----------------------------------------------------------------------
Error occuring in PFGW at Wed May 13 13:38:00 2009
Expr = 
Failed at bit 6611 of 14999
Msg = Detected in gw_test_mismatched_sums() in gwprp.cpp (PRP Testing)
Iteration: 6611/14999 ERROR: SUM(INPUTS) != SUM(OUTPUTS),
   1.73374897762976e+016 != 1.733748977629755e+016
  (Diff=52 max allowed=46)
  (Test aborted, try again using the -a1 switch)

-----------------------------------------------------------------------
Error occuring in PFGW at Wed May 13 13:38:01 2009
Expr = 
Failed at bit 6611 of 14999
Msg = Detected in gw_test_mismatched_sums() in gwprp.cpp (PRP Testing)
Iteration: 6611/14999 ERROR: SUM(INPUTS) != SUM(OUTPUTS),
   1.73374897762976e+016 != 1.733748977629755e+016
  (Diff=52 max allowed=46)
  (Test aborted, try again using the -a1 switch)

-----------------------------------------------------------------------
Error occuring in PFGW at Wed May 13 13:38:02 2009
Expr = 
Failed at bit 6611 of 14999
Msg = Detected in gw_test_mismatched_sums() in gwprp.cpp (PRP Testing)
Iteration: 6611/14999 ERROR: SUM(INPUTS) != SUM(OUTPUTS),
   1.73374897762976e+016 != 1.733748977629755e+016
  (Diff=52 max allowed=46)
  (Test aborted, try again using the -a1 switch)

-----------------------------------------------------------------------
Error occuring in PFGW at Wed May 13 13:38:04 2009
Expr = 
Failed at bit 6611 of 14999
Msg = Detected in gw_test_mismatched_sums() in gwprp.cpp (PRP Testing)
Iteration: 6611/14999 ERROR: SUM(INPUTS) != SUM(OUTPUTS),
   1.73374897762976e+016 != 1.733748977629755e+016
  (Diff=52 max allowed=46)
  (Test aborted, try again using the -a1 switch)

-----------------------------------------------------------------------
Error occuring in PFGW at Wed May 13 13:38:05 2009
Expr = 
Failed at bit 6611 of 14999
Msg = Detected in gw_test_mismatched_sums() in gwprp.cpp (PRP Testing)
Iteration: 6611/14999 ERROR: SUM(INPUTS) != SUM(OUTPUTS),
   1.73374897762976e+016 != 1.733748977629755e+016
  (Diff=52 max allowed=46)
  (Test aborted, try again using the -a1 switch)

-----------------------------------------------------------------------
Error occuring in PFGW at Wed May 13 13:38:07 2009
Expr = 
Failed at bit 6611 of 14999
Msg = Detected in gw_test_mismatched_sums() in gwprp.cpp (PRP Testing)
Iteration: 6611/14999 ERROR: SUM(INPUTS) != SUM(OUTPUTS),
   1.73374897762976e+016 != 1.733748977629755e+016
  (Diff=52 max allowed=46)
  (Test aborted, try again using the -a1 switch)

-----------------------------------------------------------------------
Error occuring in PFGW at Wed May 13 13:38:08 2009
Expr = 
Failed at bit 6611 of 14999
Msg = Detected in gw_test_mismatched_sums() in gwprp.cpp (PRP Testing)
Iteration: 6611/14999 ERROR: SUM(INPUTS) != SUM(OUTPUTS),
   1.73374897762976e+016 != 1.733748977629755e+016
  (Diff=52 max allowed=46)
  (Test aborted, try again using the -a1 switch)

-----------------------------------------------------------------------
Error occuring in PFGW at Wed May 13 13:38:10 2009
Expr = 
Failed at bit 6611 of 14999
Msg = Detected in gw_test_mismatched_sums() in gwprp.cpp (PRP Testing)
Iteration: 6611/14999 ERROR: SUM(INPUTS) != SUM(OUTPUTS),
   1.73374897762976e+016 != 1.733748977629755e+016
  (Diff=52 max allowed=46)
  (Test aborted, try again using the -a1 switch)

-----------------------------------------------------------------------
Error occuring in PFGW at Wed May 13 13:38:11 2009
Expr = 
Failed at bit 6611 of 14999
Msg = Detected in gw_test_mismatched_sums() in gwprp.cpp (PRP Testing)
Iteration: 6611/14999 ERROR: SUM(INPUTS) != SUM(OUTPUTS),
   1.73374897762976e+016 != 1.733748977629755e+016
  (Diff=52 max allowed=46)
  (Test aborted, try again using the -a1 switch)

-----------------------------------------------------------------------
Error occuring in PFGW at Wed May 13 13:38:13 2009
Expr = 
Failed at bit 6611 of 14999
Msg = Detected in gw_test_mismatched_sums() in gwprp.cpp (PRP Testing)
Iteration: 6611/14999 ERROR: SUM(INPUTS) != SUM(OUTPUTS),
   1.73374897762976e+016 != 1.733748977629755e+016
  (Diff=52 max allowed=46)
  (Test aborted, try again using the -a1 switch)

-----------------------------------------------------------------------
Error occuring in PFGW at Wed May 13 13:38:14 2009
Expr = 
Failed at bit 6611 of 14999
Msg = Detected in gw_test_mismatched_sums() in gwprp.cpp (PRP Testing)
Iteration: 6611/14999 ERROR: SUM(INPUTS) != SUM(OUTPUTS),
   1.73374897762976e+016 != 1.733748977629755e+016
  (Diff=52 max allowed=46)
  (Test aborted, try again using the -a1 switch)

-----------------------------------------------------------------------
Error occuring in PFGW at Wed May 13 13:38:15 2009
Expr = 
Failed at bit 6611 of 14999
Msg = Detected in gw_test_mismatched_sums() in gwprp.cpp (PRP Testing)
Iteration: 6611/14999 ERROR: SUM(INPUTS) != SUM(OUTPUTS),
   1.73374897762976e+016 != 1.733748977629755e+016
  (Diff=52 max allowed=46)
  (Test aborted, try again using the -a1 switch)

-----------------------------------------------------------------------
Error occuring in PFGW at Wed May 13 13:38:17 2009
Expr = 
Failed at bit 6611 of 14999
Msg = Detected in gw_test_mismatched_sums() in gwprp.cpp (PRP Testing)
Iteration: 6611/14999 ERROR: SUM(INPUTS) != SUM(OUTPUTS),
   1.73374897762976e+016 != 1.733748977629755e+016
  (Diff=52 max allowed=46)
  (Test aborted, try again using the -a1 switch)

-----------------------------------------------------------------------
Error occuring in PFGW at Wed May 13 13:38:18 2009
Expr = 
Failed at bit 6611 of 14999
Msg = Detected in gw_test_mismatched_sums() in gwprp.cpp (PRP Testing)
Iteration: 6611/14999 ERROR: SUM(INPUTS) != SUM(OUTPUTS),
   1.73374897762976e+016 != 1.733748977629755e+016
  (Diff=52 max allowed=46)
  (Test aborted, try again using the -a1 switch)

-----------------------------------------------------------------------
Error occuring in PFGW at Wed May 13 13:38:19 2009
Expr = 
Failed at bit 6611 of 14999
Msg = Detected in gw_test_mismatched_sums() in gwprp.cpp (PRP Testing)
Iteration: 6611/14999 ERROR: SUM(INPUTS) != SUM(OUTPUTS),
   1.73374897762976e+016 != 1.733748977629755e+016
  (Diff=52 max allowed=46)
  (Test aborted, try again using the -a1 switch)

-----------------------------------------------------------------------
Error occuring in PFGW at Wed May 13 13:38:20 2009
Expr = 
Failed at bit 6611 of 14999
Msg = Detected in gw_test_mismatched_sums() in gwprp.cpp (PRP Testing)
Iteration: 6611/14999 ERROR: SUM(INPUTS) != SUM(OUTPUTS),
   1.73374897762976e+016 != 1.733748977629755e+016
  (Diff=52 max allowed=46)
  (Test aborted, try again using the -a1 switch)

-----------------------------------------------------------------------
Error occuring in PFGW at Wed May 13 13:38:22 2009
Expr = 
Failed at bit 6611 of 14999
Msg = Detected in gw_test_mismatched_sums() in gwprp.cpp (PRP Testing)
Iteration: 6611/14999 ERROR: SUM(INPUTS) != SUM(OUTPUTS),
   1.73374897762976e+016 != 1.733748977629755e+016
  (Diff=52 max allowed=46)
  (Test aborted, try again using the -a1 switch)

-----------------------------------------------------------------------
Error occuring in PFGW at Wed May 13 13:38:23 2009
Expr = 
Failed at bit 6611 of 14999
Msg = Detected in gw_test_mismatched_sums() in gwprp.cpp (PRP Testing)
Iteration: 6611/14999 ERROR: SUM(INPUTS) != SUM(OUTPUTS),
   1.73374897762976e+016 != 1.733748977629755e+016
  (Diff=52 max allowed=46)
  (Test aborted, try again using the -a1 switch)

-----------------------------------------------------------------------
Error occuring in PFGW at Wed May 13 13:38:24 2009
Expr = 
Failed at bit 6611 of 14999
Msg = Detected in gw_test_mismatched_sums() in gwprp.cpp (PRP Testing)
Iteration: 6611/14999 ERROR: SUM(INPUTS) != SUM(OUTPUTS),
   1.73374897762976e+016 != 1.733748977629755e+016
  (Diff=52 max allowed=46)
  (Test aborted, try again using the -a1 switch)

-----------------------------------------------------------------------
Error occuring in PFGW at Wed May 13 13:38:26 2009
Expr = 
Failed at bit 6611 of 14999
Msg = Detected in gw_test_mismatched_sums() in gwprp.cpp (PRP Testing)
Iteration: 6611/14999 ERROR: SUM(INPUTS) != SUM(OUTPUTS),
   1.73374897762976e+016 != 1.733748977629755e+016
  (Diff=52 max allowed=46)
  (Test aborted, try again using the -a1 switch)

-----------------------------------------------------------------------
Error occuring in PFGW at Wed May 13 13:38:27 2009
Expr = 
Failed at bit 6611 of 14999
Msg = Detected in gw_test_mismatched_sums() in gwprp.cpp (PRP Testing)
Iteration: 6611/14999 ERROR: SUM(INPUTS) != SUM(OUTPUTS),
   1.73374897762976e+016 != 1.733748977629755e+016
  (Diff=52 max allowed=46)
  (Test aborted, try again using the -a1 switch)

-----------------------------------------------------------------------
Error occuring in PFGW at Wed May 13 13:38:29 2009
Expr = 
Failed at bit 6611 of 14999
Msg = Detected in gw_test_mismatched_sums() in gwprp.cpp (PRP Testing)
Iteration: 6611/14999 ERROR: SUM(INPUTS) != SUM(OUTPUTS),
   1.73374897762976e+016 != 1.733748977629755e+016
  (Diff=52 max allowed=46)
  (Test aborted, try again using the -a1 switch)

-----------------------------------------------------------------------
Error occuring in PFGW at Wed May 13 13:38:30 2009
Expr = 
Failed at bit 6611 of 14999
Msg = Detected in gw_test_mismatched_sums() in gwprp.cpp (PRP Testing)
Iteration: 6611/14999 ERROR: SUM(INPUTS) != SUM(OUTPUTS),
   1.73374897762976e+016 != 1.733748977629755e+016
  (Diff=52 max allowed=46)
  (Test aborted, try again using the -a1 switch)

-----------------------------------------------------------------------
Error occuring in PFGW at Wed May 13 13:38:32 2009
Expr = 
Failed at bit 6611 of 14999
Msg = Detected in gw_test_mismatched_sums() in gwprp.cpp (PRP Testing)
Iteration: 6611/14999 ERROR: SUM(INPUTS) != SUM(OUTPUTS),
   1.73374897762976e+016 != 1.733748977629755e+016
  (Diff=52 max allowed=46)
  (Test aborted, try again using the -a1 switch)

-----------------------------------------------------------------------
Error occuring in PFGW at Wed May 13 13:38:33 2009
Expr = 
Failed at bit 6611 of 14999
Msg = Detected in gw_test_mismatched_sums() in gwprp.cpp (PRP Testing)
Iteration: 6611/14999 ERROR: SUM(INPUTS) != SUM(OUTPUTS),
   1.73374897762976e+016 != 1.733748977629755e+016
  (Diff=52 max allowed=46)
  (Test aborted, try again using the -a1 switch)

-----------------------------------------------------------------------
Error occuring in PFGW at Wed May 13 13:38:34 2009
Expr = 
Failed at bit 6611 of 14999
Msg = Detected in gw_test_mismatched_sums() in gwprp.cpp (PRP Testing)
Iteration: 6611/14999 ERROR: SUM(INPUTS) != SUM(OUTPUTS),
   1.73374897762976e+016 != 1.733748977629755e+016
  (Diff=52 max allowed=46)
  (Test aborted, try again using the -a1 switch)

-----------------------------------------------------------------------
Error occuring in PFGW at Wed May 13 13:38:35 2009
Expr = 
Failed at bit 6611 of 14999
Msg = Detected in gw_test_mismatched_sums() in gwprp.cpp (PRP Testing)
Iteration: 6611/14999 ERROR: SUM(INPUTS) != SUM(OUTPUTS),
   1.73374897762976e+016 != 1.733748977629755e+016
  (Diff=52 max allowed=46)
  (Test aborted, try again using the -a1 switch)

-----------------------------------------------------------------------
Error occuring in PFGW at Wed May 13 13:38:37 2009
Expr = 
Failed at bit 6611 of 14999
Msg = Detected in gw_test_mismatched_sums() in gwprp.cpp (PRP Testing)
Iteration: 6611/14999 ERROR: SUM(INPUTS) != SUM(OUTPUTS),
   1.73374897762976e+016 != 1.733748977629755e+016
  (Diff=52 max allowed=46)
  (Test aborted, try again using the -a1 switch)

-----------------------------------------------------------------------
Error occuring in PFGW at Wed May 13 13:38:38 2009
Expr = 
Failed at bit 6611 of 14999
Msg = Detected in gw_test_mismatched_sums() in gwprp.cpp (PRP Testing)
Iteration: 6611/14999 ERROR: SUM(INPUTS) != SUM(OUTPUTS),
   1.73374897762976e+016 != 1.733748977629755e+016
  (Diff=52 max allowed=46)
  (Test aborted, try again using the -a1 switch)

-----------------------------------------------------------------------
Error occuring in PFGW at Wed May 13 13:38:40 2009
Expr = 
Failed at bit 6611 of 14999
Msg = Detected in gw_test_mismatched_sums() in gwprp.cpp (PRP Testing)
Iteration: 6611/14999 ERROR: SUM(INPUTS) != SUM(OUTPUTS),
   1.73374897762976e+016 != 1.733748977629755e+016
  (Diff=52 max allowed=46)
  (Test aborted, try again using the -a1 switch)

-----------------------------------------------------------------------
Error occuring in PFGW at Wed May 13 13:39:18 2009
Expr = 
Failed at bit 5975 of 19999
Msg = Detected in gw_test_mismatched_sums() in gwprp.cpp (PRP Testing)
Iteration: 5975/19999 ERROR: SUM(INPUTS) != SUM(OUTPUTS),
   1.068578878422392e+016 != 1.068578878422385e+016
  (Diff=70 max allowed=69)
  (Test aborted, try again using the -a1 switch)

-----------------------------------------------------------------------
Error occuring in PFGW at Wed May 13 13:39:20 2009
Expr = 
Failed at bit 5975 of 19999
Msg = Detected in gw_test_mismatched_sums() in gwprp.cpp (PRP Testing)
Iteration: 5975/19999 ERROR: SUM(INPUTS) != SUM(OUTPUTS),
   1.068578878422392e+016 != 1.068578878422385e+016
  (Diff=70 max allowed=69)
  (Test aborted, try again using the -a1 switch)

-----------------------------------------------------------------------
Error occuring in PFGW at Wed May 13 13:39:22 2009
Expr = 
Failed at bit 5975 of 19999
Msg = Detected in gw_test_mismatched_sums() in gwprp.cpp (PRP Testing)
Iteration: 5975/19999 ERROR: SUM(INPUTS) != SUM(OUTPUTS),
   1.068578878422392e+016 != 1.068578878422385e+016
  (Diff=70 max allowed=69)
  (Test aborted, try again using the -a1 switch)

-----------------------------------------------------------------------
Error occuring in PFGW at Wed May 13 13:39:23 2009
Expr = 
Failed at bit 5975 of 19999
Msg = Detected in gw_test_mismatched_sums() in gwprp.cpp (PRP Testing)
Iteration: 5975/19999 ERROR: SUM(INPUTS) != SUM(OUTPUTS),
   1.068578878422392e+016 != 1.068578878422385e+016
  (Diff=70 max allowed=69)
  (Test aborted, try again using the -a1 switch)

-----------------------------------------------------------------------
Error occuring in PFGW at Wed May 13 13:39:25 2009
Expr = 
Failed at bit 5975 of 19999
Msg = Detected in gw_test_mismatched_sums() in gwprp.cpp (PRP Testing)
Iteration: 5975/19999 ERROR: SUM(INPUTS) != SUM(OUTPUTS),
   1.068578878422392e+016 != 1.068578878422385e+016
  (Diff=70 max allowed=69)
  (Test aborted, try again using the -a1 switch)

-----------------------------------------------------------------------
Error occuring in PFGW at Wed May 13 13:39:26 2009
Expr = 
Failed at bit 5975 of 19999
Msg = Detected in gw_test_mismatched_sums() in gwprp.cpp (PRP Testing)
Iteration: 5975/19999 ERROR: SUM(INPUTS) != SUM(OUTPUTS),
   1.068578878422392e+016 != 1.068578878422385e+016
  (Diff=70 max allowed=69)
  (Test aborted, try again using the -a1 switch)

-----------------------------------------------------------------------
Error occuring in PFGW at Wed May 13 13:39:28 2009
Expr = 
Failed at bit 5975 of 19999
Msg = Detected in gw_test_mismatched_sums() in gwprp.cpp (PRP Testing)
Iteration: 5975/19999 ERROR: SUM(INPUTS) != SUM(OUTPUTS),
   1.068578878422392e+016 != 1.068578878422385e+016
  (Diff=70 max allowed=69)
  (Test aborted, try again using the -a1 switch)

-----------------------------------------------------------------------
Error occuring in PFGW at Wed May 13 13:39:30 2009
Expr = 
Failed at bit 5975 of 19999
Msg = Detected in gw_test_mismatched_sums() in gwprp.cpp (PRP Testing)
Iteration: 5975/19999 ERROR: SUM(INPUTS) != SUM(OUTPUTS),
   1.068578878422392e+016 != 1.068578878422385e+016
  (Diff=70 max allowed=69)
  (Test aborted, try again using the -a1 switch)

-----------------------------------------------------------------------
Error occuring in PFGW at Wed May 13 13:39:31 2009
Expr = 
Failed at bit 5975 of 19999
Msg = Detected in gw_test_mismatched_sums() in gwprp.cpp (PRP Testing)
Iteration: 5975/19999 ERROR: SUM(INPUTS) != SUM(OUTPUTS),
   1.068578878422392e+016 != 1.068578878422385e+016
  (Diff=70 max allowed=69)
  (Test aborted, try again using the -a1 switch)

-----------------------------------------------------------------------
Error occuring in PFGW at Wed May 13 13:39:33 2009
Expr = 
Failed at bit 5975 of 19999
Msg = Detected in gw_test_mismatched_sums() in gwprp.cpp (PRP Testing)
Iteration: 5975/19999 ERROR: SUM(INPUTS) != SUM(OUTPUTS),
   1.068578878422392e+016 != 1.068578878422385e+016
  (Diff=70 max allowed=69)
  (Test aborted, try again using the -a1 switch)

-----------------------------------------------------------------------
Error occuring in PFGW at Wed May 13 13:39:35 2009
Expr = 
Failed at bit 5975 of 19999
Msg = Detected in gw_test_mismatched_sums() in gwprp.cpp (PRP Testing)
Iteration: 5975/19999 ERROR: SUM(INPUTS) != SUM(OUTPUTS),
   1.068578878422392e+016 != 1.068578878422385e+016
  (Diff=70 max allowed=69)
  (Test aborted, try again using the -a1 switch)

-----------------------------------------------------------------------
Error occuring in PFGW at Wed May 13 13:39:36 2009
Expr = 
Failed at bit 5975 of 19999
Msg = Detected in gw_test_mismatched_sums() in gwprp.cpp (PRP Testing)
Iteration: 5975/19999 ERROR: SUM(INPUTS) != SUM(OUTPUTS),
   1.068578878422392e+016 != 1.068578878422385e+016
  (Diff=70 max allowed=69)
  (Test aborted, try again using the -a1 switch)

-----------------------------------------------------------------------
Error occuring in PFGW at Wed May 13 13:39:38 2009
Expr = 
Failed at bit 5975 of 19999
Msg = Detected in gw_test_mismatched_sums() in gwprp.cpp (PRP Testing)
Iteration: 5975/19999 ERROR: SUM(INPUTS) != SUM(OUTPUTS),
   1.068578878422392e+016 != 1.068578878422385e+016
  (Diff=70 max allowed=69)
  (Test aborted, try again using the -a1 switch)

-----------------------------------------------------------------------
Error occuring in PFGW at Wed May 13 13:39:40 2009
Expr = 
Failed at bit 5975 of 19999
Msg = Detected in gw_test_mismatched_sums() in gwprp.cpp (PRP Testing)
Iteration: 5975/19999 ERROR: SUM(INPUTS) != SUM(OUTPUTS),
   1.068578878422392e+016 != 1.068578878422385e+016
  (Diff=70 max allowed=69)
  (Test aborted, try again using the -a1 switch)

-----------------------------------------------------------------------
Error occuring in PFGW at Wed May 13 13:39:41 2009
Expr = 
Failed at bit 5975 of 19999
Msg = Detected in gw_test_mismatched_sums() in gwprp.cpp (PRP Testing)
Iteration: 5975/19999 ERROR: SUM(INPUTS) != SUM(OUTPUTS),
   1.068578878422392e+016 != 1.068578878422385e+016
  (Diff=70 max allowed=69)
  (Test aborted, try again using the -a1 switch)

-----------------------------------------------------------------------
Error occuring in PFGW at Wed May 13 13:39:43 2009
Expr = 
Failed at bit 5975 of 19999
Msg = Detected in gw_test_mismatched_sums() in gwprp.cpp (PRP Testing)
Iteration: 5975/19999 ERROR: SUM(INPUTS) != SUM(OUTPUTS),
   1.068578878422392e+016 != 1.068578878422385e+016
  (Diff=70 max allowed=69)
  (Test aborted, try again using the -a1 switch)

-----------------------------------------------------------------------
Error occuring in PFGW at Wed May 13 13:39:44 2009
Expr = 
Failed at bit 5975 of 19999
Msg = Detected in gw_test_mismatched_sums() in gwprp.cpp (PRP Testing)
Iteration: 5975/19999 ERROR: SUM(INPUTS) != SUM(OUTPUTS),
   1.068578878422392e+016 != 1.068578878422385e+016
  (Diff=70 max allowed=69)
  (Test aborted, try again using the -a1 switch)

-----------------------------------------------------------------------
Error occuring in PFGW at Wed May 13 13:39:46 2009
Expr = 
Failed at bit 5975 of 19999
Msg = Detected in gw_test_mismatched_sums() in gwprp.cpp (PRP Testing)
Iteration: 5975/19999 ERROR: SUM(INPUTS) != SUM(OUTPUTS),
   1.068578878422392e+016 != 1.068578878422385e+016
  (Diff=70 max allowed=69)
  (Test aborted, try again using the -a1 switch)

-----------------------------------------------------------------------
Error occuring in PFGW at Wed May 13 13:39:48 2009
Expr = 
Failed at bit 5975 of 19999
Msg = Detected in gw_test_mismatched_sums() in gwprp.cpp (PRP Testing)
Iteration: 5975/19999 ERROR: SUM(INPUTS) != SUM(OUTPUTS),
   1.068578878422392e+016 != 1.068578878422385e+016
  (Diff=70 max allowed=69)
  (Test aborted, try again using the -a1 switch)

-----------------------------------------------------------------------
Error occuring in PFGW at Wed May 13 13:39:49 2009
Expr = 
Failed at bit 5975 of 19999
Msg = Detected in gw_test_mismatched_sums() in gwprp.cpp (PRP Testing)
Iteration: 5975/19999 ERROR: SUM(INPUTS) != SUM(OUTPUTS),
   1.068578878422392e+016 != 1.068578878422385e+016
  (Diff=70 max allowed=69)
  (Test aborted, try again using the -a1 switch)

-----------------------------------------------------------------------
Error occuring in PFGW at Wed May 13 13:39:51 2009
Expr = 
Failed at bit 5975 of 19999
Msg = Detected in gw_test_mismatched_sums() in gwprp.cpp (PRP Testing)
Iteration: 5975/19999 ERROR: SUM(INPUTS) != SUM(OUTPUTS),
   1.068578878422392e+016 != 1.068578878422385e+016
  (Diff=70 max allowed=69)
  (Test aborted, try again using the -a1 switch)

-----------------------------------------------------------------------
Error occuring in PFGW at Wed May 13 13:39:53 2009
Expr = 
Failed at bit 5975 of 19999
Msg = Detected in gw_test_mismatched_sums() in gwprp.cpp (PRP Testing)
Iteration: 5975/19999 ERROR: SUM(INPUTS) != SUM(OUTPUTS),
   1.068578878422392e+016 != 1.068578878422385e+016
  (Diff=70 max allowed=69)
  (Test aborted, try again using the -a1 switch)

-----------------------------------------------------------------------
Error occuring in PFGW at Wed May 13 13:39:54 2009
Expr = 
Failed at bit 5975 of 19999
Msg = Detected in gw_test_mismatched_sums() in gwprp.cpp (PRP Testing)
Iteration: 5975/19999 ERROR: SUM(INPUTS) != SUM(OUTPUTS),
   1.068578878422392e+016 != 1.068578878422385e+016
  (Diff=70 max allowed=69)
  (Test aborted, try again using the -a1 switch)

-----------------------------------------------------------------------
Error occuring in PFGW at Wed May 13 13:39:56 2009
Expr = 
Failed at bit 5975 of 19999
Msg = Detected in gw_test_mismatched_sums() in gwprp.cpp (PRP Testing)
Iteration: 5975/19999 ERROR: SUM(INPUTS) != SUM(OUTPUTS),
   1.068578878422392e+016 != 1.068578878422385e+016
  (Diff=70 max allowed=69)
  (Test aborted, try again using the -a1 switch)

-----------------------------------------------------------------------
Error occuring in PFGW at Wed May 13 13:39:57 2009
Expr = 
Failed at bit 5975 of 19999
Msg = Detected in gw_test_mismatched_sums() in gwprp.cpp (PRP Testing)
Iteration: 5975/19999 ERROR: SUM(INPUTS) != SUM(OUTPUTS),
   1.068578878422392e+016 != 1.068578878422385e+016
  (Diff=70 max allowed=69)
  (Test aborted, try again using the -a1 switch)

-----------------------------------------------------------------------
Error occuring in PFGW at Wed May 13 13:39:59 2009
Expr = 
Failed at bit 5975 of 19999
Msg = Detected in gw_test_mismatched_sums() in gwprp.cpp (PRP Testing)
Iteration: 5975/19999 ERROR: SUM(INPUTS) != SUM(OUTPUTS),
   1.068578878422392e+016 != 1.068578878422385e+016
  (Diff=70 max allowed=69)
  (Test aborted, try again using the -a1 switch)

-----------------------------------------------------------------------
Error occuring in PFGW at Wed May 13 13:40:01 2009
Expr = 
Failed at bit 5975 of 19999
Msg = Detected in gw_test_mismatched_sums() in gwprp.cpp (PRP Testing)
Iteration: 5975/19999 ERROR: SUM(INPUTS) != SUM(OUTPUTS),
   1.068578878422392e+016 != 1.068578878422385e+016
  (Diff=70 max allowed=69)
  (Test aborted, try again using the -a1 switch)

-----------------------------------------------------------------------
Error occuring in PFGW at Wed May 13 13:40:02 2009
Expr = 
Failed at bit 5975 of 19999
Msg = Detected in gw_test_mismatched_sums() in gwprp.cpp (PRP Testing)
Iteration: 5975/19999 ERROR: SUM(INPUTS) != SUM(OUTPUTS),
   1.068578878422392e+016 != 1.068578878422385e+016
  (Diff=70 max allowed=69)
  (Test aborted, try again using the -a1 switch)

-----------------------------------------------------------------------
Error occuring in PFGW at Wed May 13 13:40:04 2009
Expr = 
Failed at bit 5975 of 19999
Msg = Detected in gw_test_mismatched_sums() in gwprp.cpp (PRP Testing)
Iteration: 5975/19999 ERROR: SUM(INPUTS) != SUM(OUTPUTS),
   1.068578878422392e+016 != 1.068578878422385e+016
  (Diff=70 max allowed=69)
  (Test aborted, try again using the -a1 switch)

-----------------------------------------------------------------------
Error occuring in PFGW at Wed May 13 13:40:05 2009
Expr = 
Failed at bit 5975 of 19999
Msg = Detected in gw_test_mismatched_sums() in gwprp.cpp (PRP Testing)
Iteration: 5975/19999 ERROR: SUM(INPUTS) != SUM(OUTPUTS),
   1.068578878422392e+016 != 1.068578878422385e+016
  (Diff=70 max allowed=69)
  (Test aborted, try again using the -a1 switch)

-----------------------------------------------------------------------
Error occuring in PFGW at Wed May 13 13:40:07 2009
Expr = 
Failed at bit 5975 of 19999
Msg = Detected in gw_test_mismatched_sums() in gwprp.cpp (PRP Testing)
Iteration: 5975/19999 ERROR: SUM(INPUTS) != SUM(OUTPUTS),
   1.068578878422392e+016 != 1.068578878422385e+016
  (Diff=70 max allowed=69)
  (Test aborted, try again using the -a1 switch)

-----------------------------------------------------------------------
Error occuring in PFGW at Wed May 13 13:40:09 2009
Expr = 
Failed at bit 5975 of 19999
Msg = Detected in gw_test_mismatched_sums() in gwprp.cpp (PRP Testing)
Iteration: 5975/19999 ERROR: SUM(INPUTS) != SUM(OUTPUTS),
   1.068578878422392e+016 != 1.068578878422385e+016
  (Diff=70 max allowed=69)
  (Test aborted, try again using the -a1 switch)

-----------------------------------------------------------------------
Error occuring in PFGW at Wed May 13 13:40:10 2009
Expr = 
Failed at bit 5975 of 19999
Msg = Detected in gw_test_mismatched_sums() in gwprp.cpp (PRP Testing)
Iteration: 5975/19999 ERROR: SUM(INPUTS) != SUM(OUTPUTS),
   1.068578878422392e+016 != 1.068578878422385e+016
  (Diff=70 max allowed=69)
  (Test aborted, try again using the -a1 switch)

-----------------------------------------------------------------------
Error occuring in PFGW at Wed May 13 13:40:12 2009
Expr = 
Failed at bit 5975 of 19999
Msg = Detected in gw_test_mismatched_sums() in gwprp.cpp (PRP Testing)
Iteration: 5975/19999 ERROR: SUM(INPUTS) != SUM(OUTPUTS),
   1.068578878422392e+016 != 1.068578878422385e+016
  (Diff=70 max allowed=69)
  (Test aborted, try again using the -a1 switch)

-----------------------------------------------------------------------
Error occuring in PFGW at Wed May 13 13:40:14 2009
Expr = 
Failed at bit 5975 of 19999
Msg = Detected in gw_test_mismatched_sums() in gwprp.cpp (PRP Testing)
Iteration: 5975/19999 ERROR: SUM(INPUTS) != SUM(OUTPUTS),
   1.068578878422392e+016 != 1.068578878422385e+016
  (Diff=70 max allowed=69)
  (Test aborted, try again using the -a1 switch)

-----------------------------------------------------------------------
Error occuring in PFGW at Sun May 17 19:08:06 2009
Expr = (2^95369+1)/3
Failed at bit 1 of 1
Msg = Detected MAXERR>0.4 (round off check) in exponentiator.cpp (Testing) 
Error, roundoff was (0.5)  near Iteration 1/1

-----------------------------------------------------------------------
Error occuring in PFGW at Wed May 20 14:03:26 2009
Expr = (2^42737+1)/3
Failed at bit 1 of 1
Msg = Detected MAXERR>0.4 (round off check) in exponentiator.cpp (Testing) 
Error, roundoff was (0.5)  near Iteration 1/1

